{"/home/jbertin/Bureau/Post tronc commun/redtetris/src/backend/constant.js": {"path":"/home/jbertin/Bureau/Post tronc commun/redtetris/src/backend/constant.js","statementMap":{"0":{"start":{"line":1,"column":27},"end":{"line":1,"column":29}},"1":{"start":{"line":2,"column":27},"end":{"line":2,"column":29}},"2":{"start":{"line":4,"column":22},"end":{"line":12,"column":1}},"3":{"start":{"line":14,"column":29},"end":{"line":64,"column":1}}},"fnMap":{},"branchMap":{},"s":{"0":7,"1":7,"2":7,"3":7},"f":{},"b":{},"_coverageSchema":"1a1c01bbd47fc00a2c39e90264f33305004495a9","hash":"7fb25b1d0a80a5361dfc92af13f22ad515c61c59"}
,"/home/jbertin/Bureau/Post tronc commun/redtetris/src/backend/server.js": {"path":"/home/jbertin/Bureau/Post tronc commun/redtetris/src/backend/server.js","statementMap":{"0":{"start":{"line":5,"column":12},"end":{"line":5,"column":21}},"1":{"start":{"line":6,"column":15},"end":{"line":6,"column":37}},"2":{"start":{"line":8,"column":0},"end":{"line":8,"column":20}},"3":{"start":{"line":10,"column":0},"end":{"line":12,"column":3}},"4":{"start":{"line":11,"column":2},"end":{"line":11,"column":47}}},"fnMap":{"0":{"name":"(anonymous_0)","decl":{"start":{"line":10,"column":20},"end":{"line":10,"column":21}},"loc":{"start":{"line":10,"column":26},"end":{"line":12,"column":1}},"line":10}},"branchMap":{},"s":{"0":3,"1":3,"2":3,"3":3,"4":3},"f":{"0":3},"b":{},"_coverageSchema":"1a1c01bbd47fc00a2c39e90264f33305004495a9","hash":"bd8b556ee8f8c8b8365e6a82c0673f075a066915"}
,"/home/jbertin/Bureau/Post tronc commun/redtetris/src/backend/socketConfig.js": {"path":"/home/jbertin/Bureau/Post tronc commun/redtetris/src/backend/socketConfig.js","statementMap":{"0":{"start":{"line":13,"column":19},"end":{"line":13,"column":33}},"1":{"start":{"line":15,"column":2},"end":{"line":44,"column":5}},"2":{"start":{"line":16,"column":20},"end":{"line":16,"column":22}},"3":{"start":{"line":17,"column":19},"end":{"line":17,"column":56}},"4":{"start":{"line":19,"column":4},"end":{"line":21,"column":7}},"5":{"start":{"line":20,"column":6},"end":{"line":20,"column":73}},"6":{"start":{"line":23,"column":19},"end":{"line":26,"column":7}},"7":{"start":{"line":28,"column":4},"end":{"line":30,"column":7}},"8":{"start":{"line":29,"column":6},"end":{"line":29,"column":24}},"9":{"start":{"line":32,"column":4},"end":{"line":39,"column":7}},"10":{"start":{"line":33,"column":6},"end":{"line":38,"column":7}},"11":{"start":{"line":34,"column":23},"end":{"line":34,"column":88}},"12":{"start":{"line":34,"column":46},"end":{"line":34,"column":87}},"13":{"start":{"line":35,"column":8},"end":{"line":35,"column":37}},"14":{"start":{"line":37,"column":8},"end":{"line":37,"column":61}},"15":{"start":{"line":41,"column":4},"end":{"line":43,"column":7}},"16":{"start":{"line":42,"column":6},"end":{"line":42,"column":59}},"17":{"start":{"line":47,"column":20},"end":{"line":47,"column":37}},"18":{"start":{"line":51,"column":13},"end":{"line":56,"column":4}},"19":{"start":{"line":58,"column":2},"end":{"line":285,"column":5}},"20":{"start":{"line":59,"column":4},"end":{"line":73,"column":6}},"21":{"start":{"line":60,"column":21},"end":{"line":60,"column":57}},"22":{"start":{"line":61,"column":19},"end":{"line":61,"column":46}},"23":{"start":{"line":62,"column":6},"end":{"line":72,"column":7}},"24":{"start":{"line":63,"column":8},"end":{"line":66,"column":9}},"25":{"start":{"line":64,"column":10},"end":{"line":64,"column":78}},"26":{"start":{"line":65,"column":10},"end":{"line":65,"column":17}},"27":{"start":{"line":67,"column":8},"end":{"line":67,"column":35}},"28":{"start":{"line":68,"column":8},"end":{"line":68,"column":36}},"29":{"start":{"line":71,"column":8},"end":{"line":71,"column":76}},"30":{"start":{"line":75,"column":4},"end":{"line":89,"column":6}},"31":{"start":{"line":76,"column":21},"end":{"line":76,"column":57}},"32":{"start":{"line":77,"column":19},"end":{"line":77,"column":46}},"33":{"start":{"line":78,"column":6},"end":{"line":88,"column":7}},"34":{"start":{"line":79,"column":8},"end":{"line":82,"column":9}},"35":{"start":{"line":80,"column":10},"end":{"line":80,"column":77}},"36":{"start":{"line":81,"column":10},"end":{"line":81,"column":17}},"37":{"start":{"line":83,"column":8},"end":{"line":83,"column":26}},"38":{"start":{"line":84,"column":8},"end":{"line":84,"column":36}},"39":{"start":{"line":87,"column":8},"end":{"line":87,"column":75}},"40":{"start":{"line":91,"column":4},"end":{"line":107,"column":6}},"41":{"start":{"line":92,"column":21},"end":{"line":92,"column":57}},"42":{"start":{"line":93,"column":19},"end":{"line":93,"column":46}},"43":{"start":{"line":94,"column":6},"end":{"line":106,"column":7}},"44":{"start":{"line":95,"column":8},"end":{"line":98,"column":9}},"45":{"start":{"line":96,"column":10},"end":{"line":96,"column":80}},"46":{"start":{"line":97,"column":10},"end":{"line":97,"column":17}},"47":{"start":{"line":99,"column":8},"end":{"line":99,"column":24}},"48":{"start":{"line":100,"column":8},"end":{"line":102,"column":9}},"49":{"start":{"line":101,"column":10},"end":{"line":101,"column":38}},"50":{"start":{"line":105,"column":8},"end":{"line":105,"column":78}},"51":{"start":{"line":109,"column":4},"end":{"line":123,"column":6}},"52":{"start":{"line":110,"column":21},"end":{"line":110,"column":57}},"53":{"start":{"line":111,"column":19},"end":{"line":111,"column":46}},"54":{"start":{"line":112,"column":6},"end":{"line":122,"column":7}},"55":{"start":{"line":113,"column":8},"end":{"line":116,"column":9}},"56":{"start":{"line":114,"column":10},"end":{"line":114,"column":77}},"57":{"start":{"line":115,"column":10},"end":{"line":115,"column":17}},"58":{"start":{"line":117,"column":8},"end":{"line":117,"column":26}},"59":{"start":{"line":118,"column":8},"end":{"line":118,"column":36}},"60":{"start":{"line":121,"column":8},"end":{"line":121,"column":75}},"61":{"start":{"line":125,"column":4},"end":{"line":132,"column":7}},"62":{"start":{"line":126,"column":6},"end":{"line":131,"column":7}},"63":{"start":{"line":127,"column":28},"end":{"line":127,"column":50}},"64":{"start":{"line":128,"column":8},"end":{"line":128,"column":100}},"65":{"start":{"line":130,"column":8},"end":{"line":130,"column":82}},"66":{"start":{"line":134,"column":4},"end":{"line":138,"column":7}},"67":{"start":{"line":135,"column":21},"end":{"line":135,"column":51}},"68":{"start":{"line":136,"column":6},"end":{"line":136,"column":36}},"69":{"start":{"line":137,"column":6},"end":{"line":137,"column":106}},"70":{"start":{"line":140,"column":4},"end":{"line":148,"column":7}},"71":{"start":{"line":141,"column":19},"end":{"line":141,"column":60}},"72":{"start":{"line":143,"column":6},"end":{"line":146,"column":7}},"73":{"start":{"line":144,"column":8},"end":{"line":144,"column":86}},"74":{"start":{"line":145,"column":8},"end":{"line":145,"column":15}},"75":{"start":{"line":147,"column":6},"end":{"line":147,"column":98}},"76":{"start":{"line":150,"column":4},"end":{"line":157,"column":7}},"77":{"start":{"line":151,"column":20},"end":{"line":151,"column":42}},"78":{"start":{"line":152,"column":6},"end":{"line":155,"column":7}},"79":{"start":{"line":153,"column":8},"end":{"line":153,"column":90}},"80":{"start":{"line":154,"column":8},"end":{"line":154,"column":15}},"81":{"start":{"line":156,"column":6},"end":{"line":156,"column":85}},"82":{"start":{"line":159,"column":4},"end":{"line":166,"column":7}},"83":{"start":{"line":160,"column":19},"end":{"line":160,"column":46}},"84":{"start":{"line":161,"column":6},"end":{"line":164,"column":7}},"85":{"start":{"line":162,"column":8},"end":{"line":162,"column":72}},"86":{"start":{"line":163,"column":8},"end":{"line":163,"column":15}},"87":{"start":{"line":165,"column":6},"end":{"line":165,"column":157}},"88":{"start":{"line":168,"column":4},"end":{"line":175,"column":7}},"89":{"start":{"line":169,"column":18},"end":{"line":169,"column":48}},"90":{"start":{"line":170,"column":6},"end":{"line":173,"column":7}},"91":{"start":{"line":171,"column":8},"end":{"line":171,"column":75}},"92":{"start":{"line":172,"column":8},"end":{"line":172,"column":15}},"93":{"start":{"line":174,"column":6},"end":{"line":174,"column":85}},"94":{"start":{"line":177,"column":4},"end":{"line":188,"column":7}},"95":{"start":{"line":178,"column":19},"end":{"line":178,"column":46}},"96":{"start":{"line":179,"column":6},"end":{"line":182,"column":7}},"97":{"start":{"line":180,"column":8},"end":{"line":180,"column":74}},"98":{"start":{"line":181,"column":8},"end":{"line":181,"column":15}},"99":{"start":{"line":183,"column":6},"end":{"line":183,"column":36}},"100":{"start":{"line":184,"column":6},"end":{"line":186,"column":9}},"101":{"start":{"line":185,"column":8},"end":{"line":185,"column":87}},"102":{"start":{"line":187,"column":6},"end":{"line":187,"column":50}},"103":{"start":{"line":190,"column":4},"end":{"line":198,"column":7}},"104":{"start":{"line":191,"column":19},"end":{"line":191,"column":46}},"105":{"start":{"line":192,"column":6},"end":{"line":195,"column":7}},"106":{"start":{"line":193,"column":8},"end":{"line":193,"column":78}},"107":{"start":{"line":194,"column":8},"end":{"line":194,"column":15}},"108":{"start":{"line":196,"column":6},"end":{"line":196,"column":45}},"109":{"start":{"line":197,"column":6},"end":{"line":197,"column":106}},"110":{"start":{"line":200,"column":4},"end":{"line":203,"column":7}},"111":{"start":{"line":201,"column":6},"end":{"line":201,"column":26}},"112":{"start":{"line":202,"column":6},"end":{"line":202,"column":74}},"113":{"start":{"line":205,"column":4},"end":{"line":215,"column":7}},"114":{"start":{"line":206,"column":19},"end":{"line":206,"column":46}},"115":{"start":{"line":207,"column":6},"end":{"line":208,"column":80}},"116":{"start":{"line":208,"column":8},"end":{"line":208,"column":80}},"117":{"start":{"line":209,"column":6},"end":{"line":210,"column":86}},"118":{"start":{"line":210,"column":8},"end":{"line":210,"column":86}},"119":{"start":{"line":211,"column":22},"end":{"line":211,"column":57}},"120":{"start":{"line":212,"column":6},"end":{"line":212,"column":41}},"121":{"start":{"line":213,"column":6},"end":{"line":213,"column":50}},"122":{"start":{"line":214,"column":6},"end":{"line":214,"column":94}},"123":{"start":{"line":217,"column":4},"end":{"line":221,"column":7}},"124":{"start":{"line":218,"column":6},"end":{"line":218,"column":59}},"125":{"start":{"line":219,"column":6},"end":{"line":219,"column":50}},"126":{"start":{"line":220,"column":6},"end":{"line":220,"column":93}},"127":{"start":{"line":223,"column":4},"end":{"line":238,"column":9}},"128":{"start":{"line":224,"column":19},"end":{"line":224,"column":46}},"129":{"start":{"line":225,"column":6},"end":{"line":236,"column":9}},"130":{"start":{"line":226,"column":10},"end":{"line":231,"column":11}},"131":{"start":{"line":227,"column":12},"end":{"line":230,"column":15}},"132":{"start":{"line":228,"column":14},"end":{"line":229,"column":104}},"133":{"start":{"line":229,"column":16},"end":{"line":229,"column":104}},"134":{"start":{"line":232,"column":10},"end":{"line":232,"column":40}},"135":{"start":{"line":235,"column":10},"end":{"line":235,"column":76}},"136":{"start":{"line":237,"column":8},"end":{"line":237,"column":53}},"137":{"start":{"line":240,"column":4},"end":{"line":257,"column":7}},"138":{"start":{"line":241,"column":19},"end":{"line":241,"column":46}},"139":{"start":{"line":242,"column":21},"end":{"line":242,"column":56}},"140":{"start":{"line":243,"column":6},"end":{"line":246,"column":7}},"141":{"start":{"line":244,"column":8},"end":{"line":244,"column":77}},"142":{"start":{"line":245,"column":8},"end":{"line":245,"column":15}},"143":{"start":{"line":247,"column":20},"end":{"line":247,"column":36}},"144":{"start":{"line":248,"column":6},"end":{"line":251,"column":7}},"145":{"start":{"line":249,"column":8},"end":{"line":249,"column":75}},"146":{"start":{"line":250,"column":8},"end":{"line":250,"column":15}},"147":{"start":{"line":252,"column":6},"end":{"line":252,"column":29}},"148":{"start":{"line":253,"column":6},"end":{"line":256,"column":9}},"149":{"start":{"line":254,"column":8},"end":{"line":255,"column":106}},"150":{"start":{"line":255,"column":10},"end":{"line":255,"column":106}},"151":{"start":{"line":259,"column":4},"end":{"line":267,"column":7}},"152":{"start":{"line":260,"column":21},"end":{"line":260,"column":56}},"153":{"start":{"line":261,"column":6},"end":{"line":264,"column":7}},"154":{"start":{"line":262,"column":8},"end":{"line":262,"column":77}},"155":{"start":{"line":263,"column":8},"end":{"line":263,"column":15}},"156":{"start":{"line":265,"column":6},"end":{"line":265,"column":33}},"157":{"start":{"line":266,"column":6},"end":{"line":266,"column":96}},"158":{"start":{"line":269,"column":4},"end":{"line":271,"column":7}},"159":{"start":{"line":270,"column":6},"end":{"line":270,"column":52}},"160":{"start":{"line":273,"column":4},"end":{"line":283,"column":7}},"161":{"start":{"line":274,"column":19},"end":{"line":274,"column":46}},"162":{"start":{"line":275,"column":6},"end":{"line":278,"column":7}},"163":{"start":{"line":276,"column":8},"end":{"line":276,"column":76}},"164":{"start":{"line":277,"column":8},"end":{"line":277,"column":15}},"165":{"start":{"line":279,"column":6},"end":{"line":279,"column":28}},"166":{"start":{"line":280,"column":6},"end":{"line":282,"column":9}},"167":{"start":{"line":281,"column":8},"end":{"line":281,"column":91}},"168":{"start":{"line":287,"column":2},"end":{"line":287,"column":12}}},"fnMap":{"0":{"name":"getLeaderboard","decl":{"start":{"line":12,"column":16},"end":{"line":12,"column":30}},"loc":{"start":{"line":12,"column":33},"end":{"line":45,"column":1}},"line":12},"1":{"name":"(anonymous_1)","decl":{"start":{"line":15,"column":21},"end":{"line":15,"column":22}},"loc":{"start":{"line":15,"column":42},"end":{"line":44,"column":3}},"line":15},"2":{"name":"(anonymous_2)","decl":{"start":{"line":19,"column":23},"end":{"line":19,"column":24}},"loc":{"start":{"line":19,"column":34},"end":{"line":21,"column":5}},"line":19},"3":{"name":"(anonymous_3)","decl":{"start":{"line":28,"column":22},"end":{"line":28,"column":23}},"loc":{"start":{"line":28,"column":31},"end":{"line":30,"column":5}},"line":28},"4":{"name":"(anonymous_4)","decl":{"start":{"line":32,"column":21},"end":{"line":32,"column":22}},"loc":{"start":{"line":32,"column":27},"end":{"line":39,"column":5}},"line":32},"5":{"name":"(anonymous_5)","decl":{"start":{"line":34,"column":36},"end":{"line":34,"column":37}},"loc":{"start":{"line":34,"column":46},"end":{"line":34,"column":87}},"line":34},"6":{"name":"(anonymous_6)","decl":{"start":{"line":41,"column":23},"end":{"line":41,"column":24}},"loc":{"start":{"line":41,"column":34},"end":{"line":43,"column":5}},"line":41},"7":{"name":"setupSocket","decl":{"start":{"line":49,"column":16},"end":{"line":49,"column":27}},"loc":{"start":{"line":49,"column":36},"end":{"line":288,"column":1}},"line":49},"8":{"name":"(anonymous_8)","decl":{"start":{"line":58,"column":22},"end":{"line":58,"column":23}},"loc":{"start":{"line":58,"column":34},"end":{"line":285,"column":3}},"line":58},"9":{"name":"(anonymous_9)","decl":{"start":{"line":59,"column":27},"end":{"line":59,"column":28}},"loc":{"start":{"line":59,"column":52},"end":{"line":73,"column":5}},"line":59},"10":{"name":"(anonymous_10)","decl":{"start":{"line":75,"column":26},"end":{"line":75,"column":27}},"loc":{"start":{"line":75,"column":40},"end":{"line":89,"column":5}},"line":75},"11":{"name":"(anonymous_11)","decl":{"start":{"line":91,"column":29},"end":{"line":91,"column":30}},"loc":{"start":{"line":91,"column":43},"end":{"line":107,"column":5}},"line":91},"12":{"name":"(anonymous_12)","decl":{"start":{"line":109,"column":26},"end":{"line":109,"column":27}},"loc":{"start":{"line":109,"column":40},"end":{"line":123,"column":5}},"line":109},"13":{"name":"(anonymous_13)","decl":{"start":{"line":125,"column":32},"end":{"line":125,"column":33}},"loc":{"start":{"line":125,"column":44},"end":{"line":132,"column":5}},"line":125},"14":{"name":"(anonymous_14)","decl":{"start":{"line":134,"column":30},"end":{"line":134,"column":31}},"loc":{"start":{"line":134,"column":50},"end":{"line":138,"column":5}},"line":134},"15":{"name":"(anonymous_15)","decl":{"start":{"line":140,"column":28},"end":{"line":140,"column":29}},"loc":{"start":{"line":140,"column":34},"end":{"line":148,"column":5}},"line":140},"16":{"name":"(anonymous_16)","decl":{"start":{"line":150,"column":26},"end":{"line":150,"column":27}},"loc":{"start":{"line":150,"column":32},"end":{"line":157,"column":5}},"line":150},"17":{"name":"(anonymous_17)","decl":{"start":{"line":159,"column":25},"end":{"line":159,"column":26}},"loc":{"start":{"line":159,"column":41},"end":{"line":166,"column":5}},"line":159},"18":{"name":"(anonymous_18)","decl":{"start":{"line":168,"column":28},"end":{"line":168,"column":29}},"loc":{"start":{"line":168,"column":44},"end":{"line":175,"column":5}},"line":168},"19":{"name":"(anonymous_19)","decl":{"start":{"line":177,"column":27},"end":{"line":177,"column":28}},"loc":{"start":{"line":177,"column":53},"end":{"line":188,"column":5}},"line":177},"20":{"name":"(anonymous_20)","decl":{"start":{"line":184,"column":32},"end":{"line":184,"column":33}},"loc":{"start":{"line":184,"column":42},"end":{"line":186,"column":7}},"line":184},"21":{"name":"(anonymous_21)","decl":{"start":{"line":190,"column":31},"end":{"line":190,"column":32}},"loc":{"start":{"line":190,"column":59},"end":{"line":198,"column":5}},"line":190},"22":{"name":"(anonymous_22)","decl":{"start":{"line":200,"column":29},"end":{"line":200,"column":30}},"loc":{"start":{"line":200,"column":35},"end":{"line":203,"column":5}},"line":200},"23":{"name":"(anonymous_23)","decl":{"start":{"line":205,"column":26},"end":{"line":205,"column":27}},"loc":{"start":{"line":205,"column":52},"end":{"line":215,"column":5}},"line":205},"24":{"name":"(anonymous_24)","decl":{"start":{"line":217,"column":27},"end":{"line":217,"column":28}},"loc":{"start":{"line":217,"column":53},"end":{"line":221,"column":5}},"line":217},"25":{"name":"(anonymous_25)","decl":{"start":{"line":223,"column":27},"end":{"line":223,"column":28}},"loc":{"start":{"line":223,"column":53},"end":{"line":238,"column":7}},"line":223},"26":{"name":"(anonymous_26)","decl":{"start":{"line":227,"column":33},"end":{"line":227,"column":34}},"loc":{"start":{"line":227,"column":43},"end":{"line":230,"column":13}},"line":227},"27":{"name":"(anonymous_27)","decl":{"start":{"line":240,"column":28},"end":{"line":240,"column":29}},"loc":{"start":{"line":240,"column":60},"end":{"line":257,"column":5}},"line":240},"28":{"name":"(anonymous_28)","decl":{"start":{"line":253,"column":27},"end":{"line":253,"column":28}},"loc":{"start":{"line":253,"column":37},"end":{"line":256,"column":7}},"line":253},"29":{"name":"(anonymous_29)","decl":{"start":{"line":259,"column":28},"end":{"line":259,"column":29}},"loc":{"start":{"line":259,"column":55},"end":{"line":267,"column":5}},"line":259},"30":{"name":"(anonymous_30)","decl":{"start":{"line":269,"column":28},"end":{"line":269,"column":29}},"loc":{"start":{"line":269,"column":34},"end":{"line":271,"column":5}},"line":269},"31":{"name":"(anonymous_31)","decl":{"start":{"line":273,"column":29},"end":{"line":273,"column":30}},"loc":{"start":{"line":273,"column":45},"end":{"line":283,"column":5}},"line":273},"32":{"name":"(anonymous_32)","decl":{"start":{"line":280,"column":27},"end":{"line":280,"column":28}},"loc":{"start":{"line":280,"column":37},"end":{"line":282,"column":7}},"line":280}},"branchMap":{"0":{"loc":{"start":{"line":62,"column":6},"end":{"line":72,"column":7}},"type":"if","locations":[{"start":{"line":62,"column":6},"end":{"line":72,"column":7}},{"start":{"line":70,"column":11},"end":{"line":72,"column":7}}],"line":62},"1":{"loc":{"start":{"line":63,"column":8},"end":{"line":66,"column":9}},"type":"if","locations":[{"start":{"line":63,"column":8},"end":{"line":66,"column":9}},{"start":{},"end":{}}],"line":63},"2":{"loc":{"start":{"line":78,"column":6},"end":{"line":88,"column":7}},"type":"if","locations":[{"start":{"line":78,"column":6},"end":{"line":88,"column":7}},{"start":{"line":86,"column":11},"end":{"line":88,"column":7}}],"line":78},"3":{"loc":{"start":{"line":79,"column":8},"end":{"line":82,"column":9}},"type":"if","locations":[{"start":{"line":79,"column":8},"end":{"line":82,"column":9}},{"start":{},"end":{}}],"line":79},"4":{"loc":{"start":{"line":94,"column":6},"end":{"line":106,"column":7}},"type":"if","locations":[{"start":{"line":94,"column":6},"end":{"line":106,"column":7}},{"start":{"line":104,"column":11},"end":{"line":106,"column":7}}],"line":94},"5":{"loc":{"start":{"line":95,"column":8},"end":{"line":98,"column":9}},"type":"if","locations":[{"start":{"line":95,"column":8},"end":{"line":98,"column":9}},{"start":{},"end":{}}],"line":95},"6":{"loc":{"start":{"line":100,"column":8},"end":{"line":102,"column":9}},"type":"if","locations":[{"start":{"line":100,"column":8},"end":{"line":102,"column":9}},{"start":{},"end":{}}],"line":100},"7":{"loc":{"start":{"line":112,"column":6},"end":{"line":122,"column":7}},"type":"if","locations":[{"start":{"line":112,"column":6},"end":{"line":122,"column":7}},{"start":{"line":120,"column":11},"end":{"line":122,"column":7}}],"line":112},"8":{"loc":{"start":{"line":113,"column":8},"end":{"line":116,"column":9}},"type":"if","locations":[{"start":{"line":113,"column":8},"end":{"line":116,"column":9}},{"start":{},"end":{}}],"line":113},"9":{"loc":{"start":{"line":143,"column":6},"end":{"line":146,"column":7}},"type":"if","locations":[{"start":{"line":143,"column":6},"end":{"line":146,"column":7}},{"start":{},"end":{}}],"line":143},"10":{"loc":{"start":{"line":152,"column":6},"end":{"line":155,"column":7}},"type":"if","locations":[{"start":{"line":152,"column":6},"end":{"line":155,"column":7}},{"start":{},"end":{}}],"line":152},"11":{"loc":{"start":{"line":161,"column":6},"end":{"line":164,"column":7}},"type":"if","locations":[{"start":{"line":161,"column":6},"end":{"line":164,"column":7}},{"start":{},"end":{}}],"line":161},"12":{"loc":{"start":{"line":170,"column":6},"end":{"line":173,"column":7}},"type":"if","locations":[{"start":{"line":170,"column":6},"end":{"line":173,"column":7}},{"start":{},"end":{}}],"line":170},"13":{"loc":{"start":{"line":179,"column":6},"end":{"line":182,"column":7}},"type":"if","locations":[{"start":{"line":179,"column":6},"end":{"line":182,"column":7}},{"start":{},"end":{}}],"line":179},"14":{"loc":{"start":{"line":192,"column":6},"end":{"line":195,"column":7}},"type":"if","locations":[{"start":{"line":192,"column":6},"end":{"line":195,"column":7}},{"start":{},"end":{}}],"line":192},"15":{"loc":{"start":{"line":207,"column":6},"end":{"line":208,"column":80}},"type":"if","locations":[{"start":{"line":207,"column":6},"end":{"line":208,"column":80}},{"start":{},"end":{}}],"line":207},"16":{"loc":{"start":{"line":209,"column":6},"end":{"line":210,"column":86}},"type":"if","locations":[{"start":{"line":209,"column":6},"end":{"line":210,"column":86}},{"start":{},"end":{}}],"line":209},"17":{"loc":{"start":{"line":225,"column":6},"end":{"line":236,"column":9}},"type":"if","locations":[{"start":{"line":225,"column":6},"end":{"line":236,"column":9}},{"start":{"line":234,"column":13},"end":{"line":236,"column":9}}],"line":225},"18":{"loc":{"start":{"line":226,"column":10},"end":{"line":231,"column":11}},"type":"if","locations":[{"start":{"line":226,"column":10},"end":{"line":231,"column":11}},{"start":{},"end":{}}],"line":226},"19":{"loc":{"start":{"line":228,"column":14},"end":{"line":229,"column":104}},"type":"if","locations":[{"start":{"line":228,"column":14},"end":{"line":229,"column":104}},{"start":{},"end":{}}],"line":228},"20":{"loc":{"start":{"line":243,"column":6},"end":{"line":246,"column":7}},"type":"if","locations":[{"start":{"line":243,"column":6},"end":{"line":246,"column":7}},{"start":{},"end":{}}],"line":243},"21":{"loc":{"start":{"line":248,"column":6},"end":{"line":251,"column":7}},"type":"if","locations":[{"start":{"line":248,"column":6},"end":{"line":251,"column":7}},{"start":{},"end":{}}],"line":248},"22":{"loc":{"start":{"line":254,"column":8},"end":{"line":255,"column":106}},"type":"if","locations":[{"start":{"line":254,"column":8},"end":{"line":255,"column":106}},{"start":{},"end":{}}],"line":254},"23":{"loc":{"start":{"line":261,"column":6},"end":{"line":264,"column":7}},"type":"if","locations":[{"start":{"line":261,"column":6},"end":{"line":264,"column":7}},{"start":{},"end":{}}],"line":261},"24":{"loc":{"start":{"line":275,"column":6},"end":{"line":278,"column":7}},"type":"if","locations":[{"start":{"line":275,"column":6},"end":{"line":278,"column":7}},{"start":{},"end":{}}],"line":275}},"s":{"0":1,"1":1,"2":1,"3":1,"4":1,"5":0,"6":1,"7":1,"8":2754,"9":1,"10":1,"11":1,"12":2867,"13":1,"14":0,"15":1,"16":0,"17":2,"18":2,"19":2,"20":3,"21":1,"22":1,"23":1,"24":0,"25":0,"26":0,"27":0,"28":0,"29":1,"30":3,"31":1,"32":1,"33":1,"34":0,"35":0,"36":0,"37":0,"38":0,"39":1,"40":3,"41":1,"42":1,"43":1,"44":0,"45":0,"46":0,"47":0,"48":0,"49":0,"50":1,"51":3,"52":1,"53":1,"54":1,"55":0,"56":0,"57":0,"58":0,"59":0,"60":1,"61":3,"62":1,"63":1,"64":1,"65":0,"66":3,"67":1,"68":1,"69":1,"70":3,"71":1,"72":1,"73":0,"74":0,"75":1,"76":3,"77":2,"78":2,"79":0,"80":0,"81":2,"82":3,"83":2,"84":2,"85":2,"86":2,"87":0,"88":3,"89":2,"90":2,"91":1,"92":1,"93":1,"94":3,"95":0,"96":0,"97":0,"98":0,"99":0,"100":0,"101":0,"102":0,"103":3,"104":2,"105":2,"106":1,"107":1,"108":1,"109":1,"110":3,"111":1,"112":1,"113":3,"114":1,"115":1,"116":1,"117":0,"118":0,"119":0,"120":0,"121":0,"122":0,"123":3,"124":1,"125":1,"126":1,"127":3,"128":1,"129":1,"130":0,"131":0,"132":0,"133":0,"134":0,"135":1,"136":1,"137":3,"138":1,"139":1,"140":1,"141":1,"142":1,"143":0,"144":0,"145":0,"146":0,"147":0,"148":0,"149":0,"150":0,"151":3,"152":1,"153":1,"154":1,"155":1,"156":0,"157":0,"158":3,"159":3,"160":3,"161":1,"162":1,"163":1,"164":1,"165":0,"166":0,"167":0,"168":2},"f":{"0":1,"1":1,"2":0,"3":2754,"4":1,"5":2867,"6":0,"7":2,"8":3,"9":1,"10":1,"11":1,"12":1,"13":1,"14":1,"15":1,"16":2,"17":2,"18":2,"19":0,"20":0,"21":2,"22":1,"23":1,"24":1,"25":1,"26":0,"27":1,"28":0,"29":1,"30":3,"31":1,"32":0},"b":{"0":[0,1],"1":[0,0],"2":[0,1],"3":[0,0],"4":[0,1],"5":[0,0],"6":[0,0],"7":[0,1],"8":[0,0],"9":[0,1],"10":[0,2],"11":[2,0],"12":[1,1],"13":[0,0],"14":[1,1],"15":[1,0],"16":[0,0],"17":[0,1],"18":[0,0],"19":[0,0],"20":[1,0],"21":[0,0],"22":[0,0],"23":[1,0],"24":[1,0]},"_coverageSchema":"1a1c01bbd47fc00a2c39e90264f33305004495a9","hash":"aec4e77d1ca5531c1bef6f711df463be609e495d"}
,"/home/jbertin/Bureau/Post tronc commun/redtetris/src/backend/models/Board.js": {"path":"/home/jbertin/Bureau/Post tronc commun/redtetris/src/backend/models/Board.js","statementMap":{"0":{"start":{"line":4,"column":14},"end":{"line":4,"column":15}},"1":{"start":{"line":16,"column":6},"end":{"line":16,"column":20}},"2":{"start":{"line":17,"column":6},"end":{"line":17,"column":23}},"3":{"start":{"line":18,"column":6},"end":{"line":18,"column":44}},"4":{"start":{"line":26,"column":6},"end":{"line":26,"column":30}},"5":{"start":{"line":27,"column":6},"end":{"line":27,"column":33}},"6":{"start":{"line":28,"column":6},"end":{"line":28,"column":63}},"7":{"start":{"line":29,"column":6},"end":{"line":29,"column":26}},"8":{"start":{"line":30,"column":6},"end":{"line":30,"column":26}},"9":{"start":{"line":31,"column":6},"end":{"line":31,"column":31}},"10":{"start":{"line":32,"column":6},"end":{"line":32,"column":63}},"11":{"start":{"line":33,"column":6},"end":{"line":33,"column":64}},"12":{"start":{"line":34,"column":6},"end":{"line":34,"column":71}},"13":{"start":{"line":35,"column":6},"end":{"line":35,"column":31}},"14":{"start":{"line":36,"column":6},"end":{"line":36,"column":29}},"15":{"start":{"line":37,"column":6},"end":{"line":37,"column":28}},"16":{"start":{"line":46,"column":6},"end":{"line":48,"column":7}},"17":{"start":{"line":47,"column":8},"end":{"line":47,"column":36}},"18":{"start":{"line":49,"column":6},"end":{"line":49,"column":74}},"19":{"start":{"line":59,"column":19},"end":{"line":59,"column":21}},"20":{"start":{"line":60,"column":6},"end":{"line":66,"column":7}},"21":{"start":{"line":60,"column":19},"end":{"line":60,"column":20}},"22":{"start":{"line":61,"column":20},"end":{"line":61,"column":22}},"23":{"start":{"line":62,"column":8},"end":{"line":64,"column":9}},"24":{"start":{"line":62,"column":21},"end":{"line":62,"column":22}},"25":{"start":{"line":63,"column":10},"end":{"line":63,"column":22}},"26":{"start":{"line":65,"column":8},"end":{"line":65,"column":23}},"27":{"start":{"line":67,"column":6},"end":{"line":67,"column":18}},"28":{"start":{"line":75,"column":6},"end":{"line":75,"column":26}},"29":{"start":{"line":84,"column":6},"end":{"line":84,"column":31}},"30":{"start":{"line":86,"column":24},"end":{"line":86,"column":26}},"31":{"start":{"line":87,"column":6},"end":{"line":90,"column":7}},"32":{"start":{"line":87,"column":19},"end":{"line":87,"column":20}},"33":{"start":{"line":88,"column":25},"end":{"line":88,"column":56}},"34":{"start":{"line":89,"column":8},"end":{"line":89,"column":33}},"35":{"start":{"line":92,"column":6},"end":{"line":92,"column":46}},"36":{"start":{"line":94,"column":6},"end":{"line":96,"column":7}},"37":{"start":{"line":95,"column":8},"end":{"line":95,"column":26}},"38":{"start":{"line":104,"column":21},"end":{"line":104,"column":23}},"39":{"start":{"line":105,"column":6},"end":{"line":109,"column":9}},"40":{"start":{"line":106,"column":8},"end":{"line":108,"column":9}},"41":{"start":{"line":106,"column":30},"end":{"line":106,"column":40}},"42":{"start":{"line":106,"column":64},"end":{"line":106,"column":74}},"43":{"start":{"line":107,"column":10},"end":{"line":107,"column":31}},"44":{"start":{"line":111,"column":22},"end":{"line":111,"column":79}},"45":{"start":{"line":111,"column":53},"end":{"line":111,"column":78}},"46":{"start":{"line":113,"column":6},"end":{"line":115,"column":7}},"47":{"start":{"line":113,"column":19},"end":{"line":113,"column":20}},"48":{"start":{"line":114,"column":8},"end":{"line":114,"column":57}},"49":{"start":{"line":117,"column":6},"end":{"line":117,"column":26}},"50":{"start":{"line":118,"column":6},"end":{"line":118,"column":22}},"51":{"start":{"line":125,"column":6},"end":{"line":127,"column":7}},"52":{"start":{"line":126,"column":8},"end":{"line":126,"column":15}},"53":{"start":{"line":128,"column":27},"end":{"line":128,"column":42}},"54":{"start":{"line":129,"column":24},"end":{"line":129,"column":69}},"55":{"start":{"line":130,"column":6},"end":{"line":132,"column":9}},"56":{"start":{"line":131,"column":8},"end":{"line":131,"column":50}},"57":{"start":{"line":139,"column":27},"end":{"line":139,"column":42}},"58":{"start":{"line":140,"column":24},"end":{"line":140,"column":69}},"59":{"start":{"line":142,"column":6},"end":{"line":144,"column":9}},"60":{"start":{"line":143,"column":8},"end":{"line":143,"column":28}},"61":{"start":{"line":153,"column":6},"end":{"line":156,"column":44}},"62":{"start":{"line":154,"column":8},"end":{"line":156,"column":42}},"63":{"start":{"line":163,"column":27},"end":{"line":163,"column":42}},"64":{"start":{"line":164,"column":24},"end":{"line":164,"column":69}},"65":{"start":{"line":165,"column":6},"end":{"line":167,"column":9}},"66":{"start":{"line":166,"column":8},"end":{"line":166,"column":58}},"67":{"start":{"line":168,"column":6},"end":{"line":168,"column":24}},"68":{"start":{"line":175,"column":6},"end":{"line":175,"column":24}},"69":{"start":{"line":176,"column":6},"end":{"line":176,"column":41}},"70":{"start":{"line":177,"column":6},"end":{"line":177,"column":65}},"71":{"start":{"line":178,"column":6},"end":{"line":178,"column":71}},"72":{"start":{"line":186,"column":6},"end":{"line":190,"column":7}},"73":{"start":{"line":186,"column":36},"end":{"line":186,"column":49}},"74":{"start":{"line":187,"column":8},"end":{"line":187,"column":39}},"75":{"start":{"line":188,"column":8},"end":{"line":188,"column":29}},"76":{"start":{"line":189,"column":8},"end":{"line":189,"column":20}},"77":{"start":{"line":191,"column":6},"end":{"line":191,"column":19}}},"fnMap":{"0":{"name":"(anonymous_0)","decl":{"start":{"line":15,"column":4},"end":{"line":15,"column":5}},"loc":{"start":{"line":15,"column":22},"end":{"line":19,"column":5}},"line":15},"1":{"name":"(anonymous_1)","decl":{"start":{"line":25,"column":4},"end":{"line":25,"column":5}},"loc":{"start":{"line":25,"column":23},"end":{"line":38,"column":5}},"line":25},"2":{"name":"(anonymous_2)","decl":{"start":{"line":45,"column":4},"end":{"line":45,"column":5}},"loc":{"start":{"line":45,"column":27},"end":{"line":50,"column":5}},"line":45},"3":{"name":"(anonymous_3)","decl":{"start":{"line":58,"column":4},"end":{"line":58,"column":5}},"loc":{"start":{"line":58,"column":34},"end":{"line":68,"column":5}},"line":58},"4":{"name":"(anonymous_4)","decl":{"start":{"line":74,"column":4},"end":{"line":74,"column":5}},"loc":{"start":{"line":74,"column":24},"end":{"line":76,"column":5}},"line":74},"5":{"name":"(anonymous_5)","decl":{"start":{"line":83,"column":4},"end":{"line":83,"column":5}},"loc":{"start":{"line":83,"column":24},"end":{"line":97,"column":5}},"line":83},"6":{"name":"(anonymous_6)","decl":{"start":{"line":103,"column":4},"end":{"line":103,"column":5}},"loc":{"start":{"line":103,"column":20},"end":{"line":119,"column":5}},"line":103},"7":{"name":"(anonymous_7)","decl":{"start":{"line":105,"column":24},"end":{"line":105,"column":25}},"loc":{"start":{"line":105,"column":40},"end":{"line":109,"column":7}},"line":105},"8":{"name":"(anonymous_8)","decl":{"start":{"line":106,"column":22},"end":{"line":106,"column":23}},"loc":{"start":{"line":106,"column":30},"end":{"line":106,"column":40}},"line":106},"9":{"name":"(anonymous_9)","decl":{"start":{"line":106,"column":56},"end":{"line":106,"column":57}},"loc":{"start":{"line":106,"column":64},"end":{"line":106,"column":74}},"line":106},"10":{"name":"(anonymous_10)","decl":{"start":{"line":111,"column":39},"end":{"line":111,"column":40}},"loc":{"start":{"line":111,"column":53},"end":{"line":111,"column":78}},"line":111},"11":{"name":"(anonymous_11)","decl":{"start":{"line":124,"column":4},"end":{"line":124,"column":5}},"loc":{"start":{"line":124,"column":30},"end":{"line":133,"column":5}},"line":124},"12":{"name":"(anonymous_12)","decl":{"start":{"line":130,"column":24},"end":{"line":130,"column":25}},"loc":{"start":{"line":130,"column":36},"end":{"line":132,"column":7}},"line":130},"13":{"name":"(anonymous_13)","decl":{"start":{"line":138,"column":4},"end":{"line":138,"column":5}},"loc":{"start":{"line":138,"column":24},"end":{"line":145,"column":5}},"line":138},"14":{"name":"(anonymous_14)","decl":{"start":{"line":142,"column":24},"end":{"line":142,"column":25}},"loc":{"start":{"line":142,"column":36},"end":{"line":144,"column":7}},"line":142},"15":{"name":"(anonymous_15)","decl":{"start":{"line":152,"column":4},"end":{"line":152,"column":5}},"loc":{"start":{"line":152,"column":31},"end":{"line":157,"column":5}},"line":152},"16":{"name":"(anonymous_16)","decl":{"start":{"line":153,"column":29},"end":{"line":153,"column":30}},"loc":{"start":{"line":154,"column":8},"end":{"line":156,"column":42}},"line":154},"17":{"name":"(anonymous_17)","decl":{"start":{"line":162,"column":5},"end":{"line":162,"column":6}},"loc":{"start":{"line":162,"column":16},"end":{"line":169,"column":5}},"line":162},"18":{"name":"(anonymous_18)","decl":{"start":{"line":165,"column":24},"end":{"line":165,"column":25}},"loc":{"start":{"line":165,"column":36},"end":{"line":167,"column":7}},"line":165},"19":{"name":"(anonymous_19)","decl":{"start":{"line":174,"column":4},"end":{"line":174,"column":5}},"loc":{"start":{"line":174,"column":18},"end":{"line":179,"column":5}},"line":174},"20":{"name":"(anonymous_20)","decl":{"start":{"line":185,"column":4},"end":{"line":185,"column":5}},"loc":{"start":{"line":185,"column":20},"end":{"line":192,"column":5}},"line":185},"21":{"name":"(anonymous_21)","decl":{"start":{"line":186,"column":28},"end":{"line":186,"column":29}},"loc":{"start":{"line":186,"column":36},"end":{"line":186,"column":49}},"line":186}},"branchMap":{"0":{"loc":{"start":{"line":46,"column":6},"end":{"line":48,"column":7}},"type":"if","locations":[{"start":{"line":46,"column":6},"end":{"line":48,"column":7}},{"start":{},"end":{}}],"line":46},"1":{"loc":{"start":{"line":106,"column":8},"end":{"line":108,"column":9}},"type":"if","locations":[{"start":{"line":106,"column":8},"end":{"line":108,"column":9}},{"start":{},"end":{}}],"line":106},"2":{"loc":{"start":{"line":106,"column":12},"end":{"line":106,"column":75}},"type":"binary-expr","locations":[{"start":{"line":106,"column":12},"end":{"line":106,"column":41}},{"start":{"line":106,"column":45},"end":{"line":106,"column":75}}],"line":106},"3":{"loc":{"start":{"line":125,"column":6},"end":{"line":127,"column":7}},"type":"if","locations":[{"start":{"line":125,"column":6},"end":{"line":127,"column":7}},{"start":{},"end":{}}],"line":125},"4":{"loc":{"start":{"line":154,"column":8},"end":{"line":156,"column":42}},"type":"binary-expr","locations":[{"start":{"line":154,"column":8},"end":{"line":154,"column":21}},{"start":{"line":155,"column":8},"end":{"line":155,"column":14}},{"start":{"line":155,"column":18},"end":{"line":155,"column":34}},{"start":{"line":156,"column":9},"end":{"line":156,"column":14}},{"start":{"line":156,"column":18},"end":{"line":156,"column":41}}],"line":154},"5":{"loc":{"start":{"line":186,"column":6},"end":{"line":190,"column":7}},"type":"if","locations":[{"start":{"line":186,"column":6},"end":{"line":190,"column":7}},{"start":{},"end":{}}],"line":186}},"s":{"0":4,"1":47,"2":47,"3":47,"4":18,"5":18,"6":18,"7":18,"8":18,"9":18,"10":18,"11":18,"12":18,"13":18,"14":18,"15":18,"16":44,"17":1,"18":43,"19":66,"20":66,"21":66,"22":980,"23":980,"24":980,"25":13200,"26":980,"27":66,"28":1,"29":1,"30":1,"31":1,"32":1,"33":2,"34":2,"35":1,"36":1,"37":2,"38":3,"39":3,"40":60,"41":69,"42":1,"43":1,"44":3,"45":60,"46":3,"47":3,"48":1,"49":3,"50":3,"51":3,"52":1,"53":2,"54":2,"55":2,"56":0,"57":25,"58":25,"59":25,"60":76,"61":32,"62":106,"63":1,"64":1,"65":1,"66":0,"67":1,"68":7,"69":7,"70":7,"71":7,"72":2,"73":11,"74":1,"75":1,"76":1,"77":1},"f":{"0":47,"1":18,"2":44,"3":66,"4":1,"5":1,"6":3,"7":60,"8":69,"9":1,"10":60,"11":3,"12":0,"13":25,"14":76,"15":32,"16":106,"17":1,"18":0,"19":7,"20":2,"21":11},"b":{"0":[1,43],"1":[1,59],"2":[60,1],"3":[1,2],"4":[106,100,100,99,82],"5":[1,1]},"_coverageSchema":"1a1c01bbd47fc00a2c39e90264f33305004495a9","hash":"6d229cc1b7e70ff50561c796f86670357e9d108d"}
,"/home/jbertin/Bureau/Post tronc commun/redtetris/src/backend/models/Game.js": {"path":"/home/jbertin/Bureau/Post tronc commun/redtetris/src/backend/models/Game.js","statementMap":{"0":{"start":{"line":14,"column":4},"end":{"line":14,"column":25}},"1":{"start":{"line":15,"column":4},"end":{"line":15,"column":22}},"2":{"start":{"line":16,"column":4},"end":{"line":16,"column":27}},"3":{"start":{"line":17,"column":4},"end":{"line":17,"column":50}},"4":{"start":{"line":18,"column":4},"end":{"line":18,"column":23}},"5":{"start":{"line":19,"column":4},"end":{"line":19,"column":33}},"6":{"start":{"line":20,"column":4},"end":{"line":20,"column":35}},"7":{"start":{"line":21,"column":4},"end":{"line":21,"column":25}},"8":{"start":{"line":22,"column":4},"end":{"line":22,"column":23}},"9":{"start":{"line":23,"column":4},"end":{"line":23,"column":29}},"10":{"start":{"line":24,"column":4},"end":{"line":24,"column":24}},"11":{"start":{"line":33,"column":4},"end":{"line":38,"column":5}},"12":{"start":{"line":34,"column":19},"end":{"line":34,"column":35}},"13":{"start":{"line":34,"column":36},"end":{"line":34,"column":42}},"14":{"start":{"line":35,"column":21},"end":{"line":35,"column":36}},"15":{"start":{"line":35,"column":37},"end":{"line":35,"column":43}},"16":{"start":{"line":36,"column":19},"end":{"line":36,"column":34}},"17":{"start":{"line":36,"column":35},"end":{"line":36,"column":41}},"18":{"start":{"line":37,"column":15},"end":{"line":37,"column":31}},"19":{"start":{"line":39,"column":4},"end":{"line":39,"column":53}},"20":{"start":{"line":48,"column":19},"end":{"line":48,"column":82}},"21":{"start":{"line":48,"column":49},"end":{"line":48,"column":81}},"22":{"start":{"line":48,"column":79},"end":{"line":48,"column":80}},"23":{"start":{"line":49,"column":4},"end":{"line":51,"column":5}},"24":{"start":{"line":50,"column":6},"end":{"line":50,"column":20}},"25":{"start":{"line":52,"column":18},"end":{"line":52,"column":45}},"26":{"start":{"line":53,"column":4},"end":{"line":59,"column":7}},"27":{"start":{"line":54,"column":18},"end":{"line":54,"column":30}},"28":{"start":{"line":55,"column":18},"end":{"line":55,"column":30}},"29":{"start":{"line":56,"column":6},"end":{"line":58,"column":7}},"30":{"start":{"line":57,"column":8},"end":{"line":57,"column":33}},"31":{"start":{"line":60,"column":4},"end":{"line":60,"column":18}},"32":{"start":{"line":69,"column":4},"end":{"line":71,"column":5}},"33":{"start":{"line":70,"column":6},"end":{"line":70,"column":24}},"34":{"start":{"line":80,"column":4},"end":{"line":86,"column":41}},"35":{"start":{"line":81,"column":20},"end":{"line":81,"column":35}},"36":{"start":{"line":83,"column":28},"end":{"line":83,"column":62}},"37":{"start":{"line":84,"column":8},"end":{"line":84,"column":124}},"38":{"start":{"line":86,"column":24},"end":{"line":86,"column":39}},"39":{"start":{"line":95,"column":4},"end":{"line":105,"column":5}},"40":{"start":{"line":96,"column":6},"end":{"line":104,"column":9}},"41":{"start":{"line":114,"column":4},"end":{"line":118,"column":5}},"42":{"start":{"line":115,"column":6},"end":{"line":115,"column":56}},"43":{"start":{"line":117,"column":6},"end":{"line":117,"column":55}},"44":{"start":{"line":127,"column":6},"end":{"line":127,"column":35}},"45":{"start":{"line":128,"column":6},"end":{"line":128,"column":29}},"46":{"start":{"line":129,"column":6},"end":{"line":129,"column":42}},"47":{"start":{"line":130,"column":6},"end":{"line":130,"column":88}},"48":{"start":{"line":131,"column":6},"end":{"line":131,"column":25}},"49":{"start":{"line":132,"column":6},"end":{"line":132,"column":26}},"50":{"start":{"line":141,"column":4},"end":{"line":141,"column":40}},"51":{"start":{"line":142,"column":4},"end":{"line":144,"column":5}},"52":{"start":{"line":143,"column":6},"end":{"line":143,"column":40}},"53":{"start":{"line":152,"column":6},"end":{"line":155,"column":9}},"54":{"start":{"line":153,"column":23},"end":{"line":153,"column":57}},"55":{"start":{"line":154,"column":8},"end":{"line":154,"column":51}},"56":{"start":{"line":163,"column":4},"end":{"line":169,"column":7}},"57":{"start":{"line":164,"column":26},"end":{"line":164,"column":60}},"58":{"start":{"line":165,"column":6},"end":{"line":168,"column":7}},"59":{"start":{"line":166,"column":8},"end":{"line":166,"column":38}},"60":{"start":{"line":167,"column":8},"end":{"line":167,"column":95}},"61":{"start":{"line":170,"column":4},"end":{"line":170,"column":33}},"62":{"start":{"line":171,"column":4},"end":{"line":173,"column":5}},"63":{"start":{"line":172,"column":6},"end":{"line":172,"column":29}},"64":{"start":{"line":174,"column":4},"end":{"line":174,"column":40}},"65":{"start":{"line":175,"column":4},"end":{"line":175,"column":24}},"66":{"start":{"line":183,"column":4},"end":{"line":205,"column":5}},"67":{"start":{"line":184,"column":21},"end":{"line":184,"column":61}},"68":{"start":{"line":185,"column":6},"end":{"line":204,"column":7}},"69":{"start":{"line":186,"column":8},"end":{"line":186,"column":53}},"70":{"start":{"line":187,"column":28},"end":{"line":187,"column":66}},"71":{"start":{"line":188,"column":8},"end":{"line":188,"column":57}},"72":{"start":{"line":190,"column":8},"end":{"line":200,"column":9}},"73":{"start":{"line":191,"column":10},"end":{"line":199,"column":13}},"74":{"start":{"line":201,"column":8},"end":{"line":203,"column":9}},"75":{"start":{"line":202,"column":10},"end":{"line":202,"column":57}},"76":{"start":{"line":212,"column":4},"end":{"line":217,"column":5}},"77":{"start":{"line":213,"column":21},"end":{"line":213,"column":61}},"78":{"start":{"line":214,"column":6},"end":{"line":216,"column":7}},"79":{"start":{"line":215,"column":8},"end":{"line":215,"column":86}},"80":{"start":{"line":225,"column":4},"end":{"line":225,"column":33}},"81":{"start":{"line":226,"column":4},"end":{"line":226,"column":44}},"82":{"start":{"line":234,"column":4},"end":{"line":234,"column":86}},"83":{"start":{"line":234,"column":42},"end":{"line":234,"column":75}},"84":{"start":{"line":242,"column":4},"end":{"line":242,"column":40}},"85":{"start":{"line":243,"column":4},"end":{"line":245,"column":5}},"86":{"start":{"line":244,"column":6},"end":{"line":244,"column":36}},"87":{"start":{"line":246,"column":4},"end":{"line":246,"column":50}},"88":{"start":{"line":247,"column":4},"end":{"line":247,"column":44}},"89":{"start":{"line":248,"column":4},"end":{"line":248,"column":25}},"90":{"start":{"line":255,"column":4},"end":{"line":260,"column":7}},"91":{"start":{"line":256,"column":21},"end":{"line":256,"column":61}},"92":{"start":{"line":257,"column":6},"end":{"line":259,"column":7}},"93":{"start":{"line":258,"column":8},"end":{"line":258,"column":54}},"94":{"start":{"line":261,"column":4},"end":{"line":263,"column":5}},"95":{"start":{"line":262,"column":6},"end":{"line":262,"column":30}},"96":{"start":{"line":264,"column":4},"end":{"line":264,"column":26}},"97":{"start":{"line":265,"column":4},"end":{"line":265,"column":50}},"98":{"start":{"line":266,"column":19},"end":{"line":273,"column":5}},"99":{"start":{"line":267,"column":6},"end":{"line":267,"column":24}},"100":{"start":{"line":268,"column":6},"end":{"line":268,"column":44}},"101":{"start":{"line":269,"column":6},"end":{"line":272,"column":7}},"102":{"start":{"line":270,"column":8},"end":{"line":270,"column":37}},"103":{"start":{"line":271,"column":8},"end":{"line":271,"column":68}},"104":{"start":{"line":274,"column":4},"end":{"line":274,"column":64}},"105":{"start":{"line":284,"column":4},"end":{"line":295,"column":5}},"106":{"start":{"line":285,"column":6},"end":{"line":291,"column":7}},"107":{"start":{"line":286,"column":8},"end":{"line":286,"column":66}},"108":{"start":{"line":286,"column":49},"end":{"line":286,"column":64}},"109":{"start":{"line":287,"column":8},"end":{"line":287,"column":37}},"110":{"start":{"line":289,"column":8},"end":{"line":289,"column":66}},"111":{"start":{"line":289,"column":49},"end":{"line":289,"column":64}},"112":{"start":{"line":290,"column":8},"end":{"line":290,"column":26}},"113":{"start":{"line":294,"column":6},"end":{"line":294,"column":64}},"114":{"start":{"line":294,"column":47},"end":{"line":294,"column":62}},"115":{"start":{"line":296,"column":4},"end":{"line":296,"column":44}},"116":{"start":{"line":305,"column":4},"end":{"line":305,"column":43}},"117":{"start":{"line":314,"column":4},"end":{"line":321,"column":5}},"118":{"start":{"line":315,"column":6},"end":{"line":320,"column":7}},"119":{"start":{"line":316,"column":23},"end":{"line":316,"column":57}},"120":{"start":{"line":317,"column":8},"end":{"line":319,"column":9}},"121":{"start":{"line":318,"column":10},"end":{"line":318,"column":52}},"122":{"start":{"line":330,"column":22},"end":{"line":337,"column":6}},"123":{"start":{"line":339,"column":17},"end":{"line":342,"column":6}},"124":{"start":{"line":344,"column":4},"end":{"line":348,"column":9}},"125":{"start":{"line":347,"column":8},"end":{"line":347,"column":66}},"126":{"start":{"line":356,"column":19},"end":{"line":356,"column":59}},"127":{"start":{"line":357,"column":4},"end":{"line":360,"column":5}},"128":{"start":{"line":358,"column":6},"end":{"line":358,"column":134}},"129":{"start":{"line":359,"column":6},"end":{"line":359,"column":62}},"130":{"start":{"line":369,"column":19},"end":{"line":369,"column":59}},"131":{"start":{"line":370,"column":4},"end":{"line":370,"column":44}},"132":{"start":{"line":374,"column":4},"end":{"line":374,"column":27}},"133":{"start":{"line":375,"column":4},"end":{"line":375,"column":24}},"134":{"start":{"line":376,"column":4},"end":{"line":376,"column":33}},"135":{"start":{"line":377,"column":4},"end":{"line":377,"column":50}},"136":{"start":{"line":378,"column":4},"end":{"line":378,"column":23}},"137":{"start":{"line":379,"column":4},"end":{"line":384,"column":7}},"138":{"start":{"line":380,"column":21},"end":{"line":380,"column":61}},"139":{"start":{"line":381,"column":6},"end":{"line":383,"column":7}},"140":{"start":{"line":382,"column":8},"end":{"line":382,"column":54}},"141":{"start":{"line":385,"column":4},"end":{"line":385,"column":44}}},"fnMap":{"0":{"name":"(anonymous_0)","decl":{"start":{"line":13,"column":2},"end":{"line":13,"column":3}},"loc":{"start":{"line":13,"column":54},"end":{"line":25,"column":3}},"line":13},"1":{"name":"(anonymous_1)","decl":{"start":{"line":31,"column":2},"end":{"line":31,"column":3}},"loc":{"start":{"line":31,"column":20},"end":{"line":40,"column":3}},"line":31},"2":{"name":"(anonymous_2)","decl":{"start":{"line":47,"column":2},"end":{"line":47,"column":3}},"loc":{"start":{"line":47,"column":23},"end":{"line":61,"column":3}},"line":47},"3":{"name":"(anonymous_3)","decl":{"start":{"line":48,"column":43},"end":{"line":48,"column":44}},"loc":{"start":{"line":48,"column":49},"end":{"line":48,"column":81}},"line":48},"4":{"name":"(anonymous_4)","decl":{"start":{"line":48,"column":73},"end":{"line":48,"column":74}},"loc":{"start":{"line":48,"column":79},"end":{"line":48,"column":80}},"line":48},"5":{"name":"(anonymous_5)","decl":{"start":{"line":53,"column":18},"end":{"line":53,"column":19}},"loc":{"start":{"line":53,"column":27},"end":{"line":59,"column":5}},"line":53},"6":{"name":"(anonymous_6)","decl":{"start":{"line":68,"column":2},"end":{"line":68,"column":3}},"loc":{"start":{"line":68,"column":42},"end":{"line":72,"column":3}},"line":68},"7":{"name":"(anonymous_7)","decl":{"start":{"line":79,"column":2},"end":{"line":79,"column":3}},"loc":{"start":{"line":79,"column":36},"end":{"line":87,"column":3}},"line":79},"8":{"name":"(anonymous_8)","decl":{"start":{"line":81,"column":14},"end":{"line":81,"column":15}},"loc":{"start":{"line":81,"column":20},"end":{"line":81,"column":35}},"line":81},"9":{"name":"(anonymous_9)","decl":{"start":{"line":82,"column":11},"end":{"line":82,"column":12}},"loc":{"start":{"line":82,"column":17},"end":{"line":85,"column":7}},"line":82},"10":{"name":"(anonymous_10)","decl":{"start":{"line":86,"column":14},"end":{"line":86,"column":15}},"loc":{"start":{"line":86,"column":24},"end":{"line":86,"column":39}},"line":86},"11":{"name":"(anonymous_11)","decl":{"start":{"line":94,"column":2},"end":{"line":94,"column":3}},"loc":{"start":{"line":94,"column":46},"end":{"line":106,"column":3}},"line":94},"12":{"name":"(anonymous_12)","decl":{"start":{"line":113,"column":2},"end":{"line":113,"column":3}},"loc":{"start":{"line":113,"column":44},"end":{"line":119,"column":3}},"line":113},"13":{"name":"(anonymous_13)","decl":{"start":{"line":126,"column":4},"end":{"line":126,"column":5}},"loc":{"start":{"line":126,"column":49},"end":{"line":133,"column":5}},"line":126},"14":{"name":"(anonymous_14)","decl":{"start":{"line":140,"column":2},"end":{"line":140,"column":3}},"loc":{"start":{"line":140,"column":46},"end":{"line":145,"column":3}},"line":140},"15":{"name":"(anonymous_15)","decl":{"start":{"line":151,"column":4},"end":{"line":151,"column":5}},"loc":{"start":{"line":151,"column":28},"end":{"line":156,"column":5}},"line":151},"16":{"name":"(anonymous_16)","decl":{"start":{"line":152,"column":32},"end":{"line":152,"column":33}},"loc":{"start":{"line":152,"column":38},"end":{"line":155,"column":7}},"line":152},"17":{"name":"(anonymous_17)","decl":{"start":{"line":162,"column":2},"end":{"line":162,"column":3}},"loc":{"start":{"line":162,"column":31},"end":{"line":176,"column":3}},"line":162},"18":{"name":"(anonymous_18)","decl":{"start":{"line":163,"column":25},"end":{"line":163,"column":26}},"loc":{"start":{"line":163,"column":33},"end":{"line":169,"column":5}},"line":163},"19":{"name":"(anonymous_19)","decl":{"start":{"line":182,"column":2},"end":{"line":182,"column":3}},"loc":{"start":{"line":182,"column":34},"end":{"line":206,"column":3}},"line":182},"20":{"name":"(anonymous_20)","decl":{"start":{"line":211,"column":2},"end":{"line":211,"column":3}},"loc":{"start":{"line":211,"column":37},"end":{"line":218,"column":3}},"line":211},"21":{"name":"(anonymous_21)","decl":{"start":{"line":224,"column":2},"end":{"line":224,"column":3}},"loc":{"start":{"line":224,"column":31},"end":{"line":227,"column":3}},"line":224},"22":{"name":"(anonymous_22)","decl":{"start":{"line":233,"column":2},"end":{"line":233,"column":3}},"loc":{"start":{"line":233,"column":24},"end":{"line":235,"column":3}},"line":233},"23":{"name":"(anonymous_23)","decl":{"start":{"line":234,"column":36},"end":{"line":234,"column":37}},"loc":{"start":{"line":234,"column":42},"end":{"line":234,"column":75}},"line":234},"24":{"name":"(anonymous_24)","decl":{"start":{"line":241,"column":2},"end":{"line":241,"column":3}},"loc":{"start":{"line":241,"column":26},"end":{"line":249,"column":3}},"line":241},"25":{"name":"(anonymous_25)","decl":{"start":{"line":254,"column":2},"end":{"line":254,"column":3}},"loc":{"start":{"line":254,"column":14},"end":{"line":275,"column":3}},"line":254},"26":{"name":"(anonymous_26)","decl":{"start":{"line":255,"column":25},"end":{"line":255,"column":26}},"loc":{"start":{"line":255,"column":39},"end":{"line":260,"column":5}},"line":255},"27":{"name":"(anonymous_27)","decl":{"start":{"line":266,"column":19},"end":{"line":266,"column":20}},"loc":{"start":{"line":266,"column":25},"end":{"line":273,"column":5}},"line":266},"28":{"name":"(anonymous_28)","decl":{"start":{"line":283,"column":2},"end":{"line":283,"column":3}},"loc":{"start":{"line":283,"column":22},"end":{"line":297,"column":3}},"line":283},"29":{"name":"(anonymous_29)","decl":{"start":{"line":286,"column":43},"end":{"line":286,"column":44}},"loc":{"start":{"line":286,"column":49},"end":{"line":286,"column":64}},"line":286},"30":{"name":"(anonymous_30)","decl":{"start":{"line":289,"column":43},"end":{"line":289,"column":44}},"loc":{"start":{"line":289,"column":49},"end":{"line":289,"column":64}},"line":289},"31":{"name":"(anonymous_31)","decl":{"start":{"line":294,"column":41},"end":{"line":294,"column":42}},"loc":{"start":{"line":294,"column":47},"end":{"line":294,"column":62}},"line":294},"32":{"name":"(anonymous_32)","decl":{"start":{"line":304,"column":2},"end":{"line":304,"column":3}},"loc":{"start":{"line":304,"column":22},"end":{"line":306,"column":3}},"line":304},"33":{"name":"(anonymous_33)","decl":{"start":{"line":313,"column":2},"end":{"line":313,"column":3}},"loc":{"start":{"line":313,"column":52},"end":{"line":322,"column":3}},"line":313},"34":{"name":"(anonymous_34)","decl":{"start":{"line":329,"column":2},"end":{"line":329,"column":3}},"loc":{"start":{"line":329,"column":43},"end":{"line":349,"column":3}},"line":329},"35":{"name":"(anonymous_35)","decl":{"start":{"line":345,"column":12},"end":{"line":345,"column":13}},"loc":{"start":{"line":345,"column":18},"end":{"line":345,"column":21}},"line":345},"36":{"name":"(anonymous_36)","decl":{"start":{"line":346,"column":13},"end":{"line":346,"column":14}},"loc":{"start":{"line":346,"column":20},"end":{"line":348,"column":7}},"line":346},"37":{"name":"(anonymous_37)","decl":{"start":{"line":355,"column":2},"end":{"line":355,"column":3}},"loc":{"start":{"line":355,"column":33},"end":{"line":361,"column":3}},"line":355},"38":{"name":"(anonymous_38)","decl":{"start":{"line":368,"column":2},"end":{"line":368,"column":3}},"loc":{"start":{"line":368,"column":30},"end":{"line":371,"column":3}},"line":368},"39":{"name":"(anonymous_39)","decl":{"start":{"line":373,"column":2},"end":{"line":373,"column":3}},"loc":{"start":{"line":373,"column":14},"end":{"line":386,"column":3}},"line":373},"40":{"name":"(anonymous_40)","decl":{"start":{"line":379,"column":25},"end":{"line":379,"column":26}},"loc":{"start":{"line":379,"column":39},"end":{"line":384,"column":5}},"line":379}},"branchMap":{"0":{"loc":{"start":{"line":33,"column":4},"end":{"line":38,"column":5}},"type":"switch","locations":[{"start":{"line":34,"column":6},"end":{"line":34,"column":42}},{"start":{"line":35,"column":6},"end":{"line":35,"column":43}},{"start":{"line":36,"column":6},"end":{"line":36,"column":41}},{"start":{"line":37,"column":6},"end":{"line":37,"column":31}}],"line":33},"1":{"loc":{"start":{"line":49,"column":4},"end":{"line":51,"column":5}},"type":"if","locations":[{"start":{"line":49,"column":4},"end":{"line":51,"column":5}},{"start":{},"end":{}}],"line":49},"2":{"loc":{"start":{"line":49,"column":8},"end":{"line":49,"column":58}},"type":"binary-expr","locations":[{"start":{"line":49,"column":8},"end":{"line":49,"column":21}},{"start":{"line":49,"column":25},"end":{"line":49,"column":58}}],"line":49},"3":{"loc":{"start":{"line":56,"column":6},"end":{"line":58,"column":7}},"type":"if","locations":[{"start":{"line":56,"column":6},"end":{"line":58,"column":7}},{"start":{},"end":{}}],"line":56},"4":{"loc":{"start":{"line":56,"column":10},"end":{"line":56,"column":52}},"type":"binary-expr","locations":[{"start":{"line":56,"column":10},"end":{"line":56,"column":18}},{"start":{"line":56,"column":22},"end":{"line":56,"column":29}},{"start":{"line":56,"column":33},"end":{"line":56,"column":41}},{"start":{"line":56,"column":45},"end":{"line":56,"column":52}}],"line":56},"5":{"loc":{"start":{"line":69,"column":4},"end":{"line":71,"column":5}},"type":"if","locations":[{"start":{"line":69,"column":4},"end":{"line":71,"column":5}},{"start":{},"end":{}}],"line":69},"6":{"loc":{"start":{"line":84,"column":15},"end":{"line":84,"column":123}},"type":"cond-expr","locations":[{"start":{"line":84,"column":29},"end":{"line":84,"column":116}},{"start":{"line":84,"column":119},"end":{"line":84,"column":123}}],"line":84},"7":{"loc":{"start":{"line":95,"column":4},"end":{"line":105,"column":5}},"type":"if","locations":[{"start":{"line":95,"column":4},"end":{"line":105,"column":5}},{"start":{},"end":{}}],"line":95},"8":{"loc":{"start":{"line":114,"column":4},"end":{"line":118,"column":5}},"type":"if","locations":[{"start":{"line":114,"column":4},"end":{"line":118,"column":5}},{"start":{"line":116,"column":11},"end":{"line":118,"column":5}}],"line":114},"9":{"loc":{"start":{"line":142,"column":4},"end":{"line":144,"column":5}},"type":"if","locations":[{"start":{"line":142,"column":4},"end":{"line":144,"column":5}},{"start":{},"end":{}}],"line":142},"10":{"loc":{"start":{"line":142,"column":8},"end":{"line":142,"column":65}},"type":"binary-expr","locations":[{"start":{"line":142,"column":8},"end":{"line":142,"column":36}},{"start":{"line":142,"column":40},"end":{"line":142,"column":65}}],"line":142},"11":{"loc":{"start":{"line":154,"column":15},"end":{"line":154,"column":50}},"type":"binary-expr","locations":[{"start":{"line":154,"column":15},"end":{"line":154,"column":21}},{"start":{"line":154,"column":25},"end":{"line":154,"column":50}}],"line":154},"12":{"loc":{"start":{"line":165,"column":6},"end":{"line":168,"column":7}},"type":"if","locations":[{"start":{"line":165,"column":6},"end":{"line":168,"column":7}},{"start":{},"end":{}}],"line":165},"13":{"loc":{"start":{"line":171,"column":4},"end":{"line":173,"column":5}},"type":"if","locations":[{"start":{"line":171,"column":4},"end":{"line":173,"column":5}},{"start":{},"end":{}}],"line":171},"14":{"loc":{"start":{"line":182,"column":13},"end":{"line":182,"column":32}},"type":"default-arg","locations":[{"start":{"line":182,"column":28},"end":{"line":182,"column":32}}],"line":182},"15":{"loc":{"start":{"line":185,"column":6},"end":{"line":204,"column":7}},"type":"if","locations":[{"start":{"line":185,"column":6},"end":{"line":204,"column":7}},{"start":{},"end":{}}],"line":185},"16":{"loc":{"start":{"line":190,"column":8},"end":{"line":200,"column":9}},"type":"if","locations":[{"start":{"line":190,"column":8},"end":{"line":200,"column":9}},{"start":{},"end":{}}],"line":190},"17":{"loc":{"start":{"line":201,"column":8},"end":{"line":203,"column":9}},"type":"if","locations":[{"start":{"line":201,"column":8},"end":{"line":203,"column":9}},{"start":{},"end":{}}],"line":201},"18":{"loc":{"start":{"line":214,"column":6},"end":{"line":216,"column":7}},"type":"if","locations":[{"start":{"line":214,"column":6},"end":{"line":216,"column":7}},{"start":{},"end":{}}],"line":214},"19":{"loc":{"start":{"line":243,"column":4},"end":{"line":245,"column":5}},"type":"if","locations":[{"start":{"line":243,"column":4},"end":{"line":245,"column":5}},{"start":{},"end":{}}],"line":243},"20":{"loc":{"start":{"line":257,"column":6},"end":{"line":259,"column":7}},"type":"if","locations":[{"start":{"line":257,"column":6},"end":{"line":259,"column":7}},{"start":{},"end":{}}],"line":257},"21":{"loc":{"start":{"line":261,"column":4},"end":{"line":263,"column":5}},"type":"if","locations":[{"start":{"line":261,"column":4},"end":{"line":263,"column":5}},{"start":{},"end":{}}],"line":261},"22":{"loc":{"start":{"line":269,"column":6},"end":{"line":272,"column":7}},"type":"if","locations":[{"start":{"line":269,"column":6},"end":{"line":272,"column":7}},{"start":{},"end":{}}],"line":269},"23":{"loc":{"start":{"line":284,"column":4},"end":{"line":295,"column":5}},"type":"if","locations":[{"start":{"line":284,"column":4},"end":{"line":295,"column":5}},{"start":{"line":293,"column":9},"end":{"line":295,"column":5}}],"line":284},"24":{"loc":{"start":{"line":285,"column":6},"end":{"line":291,"column":7}},"type":"if","locations":[{"start":{"line":285,"column":6},"end":{"line":291,"column":7}},{"start":{"line":288,"column":13},"end":{"line":291,"column":7}}],"line":285},"25":{"loc":{"start":{"line":315,"column":6},"end":{"line":320,"column":7}},"type":"if","locations":[{"start":{"line":315,"column":6},"end":{"line":320,"column":7}},{"start":{},"end":{}}],"line":315},"26":{"loc":{"start":{"line":317,"column":8},"end":{"line":319,"column":9}},"type":"if","locations":[{"start":{"line":317,"column":8},"end":{"line":319,"column":9}},{"start":{},"end":{}}],"line":317},"27":{"loc":{"start":{"line":357,"column":4},"end":{"line":360,"column":5}},"type":"if","locations":[{"start":{"line":357,"column":4},"end":{"line":360,"column":5}},{"start":{},"end":{}}],"line":357},"28":{"loc":{"start":{"line":370,"column":11},"end":{"line":370,"column":43}},"type":"cond-expr","locations":[{"start":{"line":370,"column":20},"end":{"line":370,"column":31}},{"start":{"line":370,"column":34},"end":{"line":370,"column":43}}],"line":370},"29":{"loc":{"start":{"line":381,"column":6},"end":{"line":383,"column":7}},"type":"if","locations":[{"start":{"line":381,"column":6},"end":{"line":383,"column":7}},{"start":{},"end":{}}],"line":381}},"s":{"0":60,"1":60,"2":60,"3":60,"4":60,"5":60,"6":60,"7":60,"8":60,"9":60,"10":60,"11":6,"12":3,"13":3,"14":1,"15":1,"16":1,"17":1,"18":1,"19":6,"20":3,"21":12,"22":48,"23":3,"24":1,"25":2,"26":2,"27":8,"28":8,"29":8,"30":8,"31":2,"32":1,"33":1,"34":1,"35":2,"36":1,"37":1,"38":1,"39":1,"40":1,"41":1,"42":1,"43":0,"44":0,"45":0,"46":0,"47":0,"48":0,"49":0,"50":1,"51":1,"52":1,"53":2,"54":2,"55":2,"56":2,"57":3,"58":3,"59":3,"60":3,"61":2,"62":2,"63":2,"64":2,"65":2,"66":0,"67":0,"68":0,"69":0,"70":0,"71":0,"72":0,"73":0,"74":0,"75":0,"76":2,"77":1,"78":1,"79":1,"80":1,"81":1,"82":63,"83":6237,"84":23,"85":23,"86":1,"87":23,"88":23,"89":23,"90":1,"91":2,"92":2,"93":2,"94":1,"95":1,"96":1,"97":1,"98":1,"99":1,"100":1,"101":1,"102":1,"103":1,"104":1,"105":3,"106":2,"107":1,"108":2,"109":1,"110":1,"111":1,"112":1,"113":1,"114":1,"115":3,"116":2,"117":1,"118":2,"119":1,"120":1,"121":1,"122":2,"123":2,"124":2,"125":1,"126":0,"127":0,"128":0,"129":0,"130":2,"131":2,"132":1,"133":1,"134":1,"135":1,"136":1,"137":1,"138":0,"139":0,"140":0,"141":1},"f":{"0":60,"1":6,"2":3,"3":12,"4":48,"5":8,"6":1,"7":1,"8":2,"9":1,"10":1,"11":1,"12":1,"13":0,"14":1,"15":2,"16":2,"17":2,"18":3,"19":0,"20":2,"21":1,"22":63,"23":6237,"24":23,"25":1,"26":2,"27":1,"28":3,"29":2,"30":1,"31":1,"32":2,"33":1,"34":2,"35":1,"36":1,"37":0,"38":2,"39":1,"40":0},"b":{"0":[3,1,1,1],"1":[1,2],"2":[3,3],"3":[8,0],"4":[8,8,8,8],"5":[1,0],"6":[1,0],"7":[1,0],"8":[1,0],"9":[1,0],"10":[1,1],"11":[2,2],"12":[3,0],"13":[2,0],"14":[0],"15":[0,0],"16":[0,0],"17":[0,0],"18":[1,0],"19":[1,22],"20":[2,0],"21":[1,0],"22":[1,0],"23":[2,1],"24":[1,1],"25":[1,1],"26":[1,0],"27":[0,0],"28":[1,1],"29":[0,0]},"_coverageSchema":"1a1c01bbd47fc00a2c39e90264f33305004495a9","hash":"fc9c4f891a7c33ffecc3aae0ea978af7b2d3f820"}
,"/home/jbertin/Bureau/Post tronc commun/redtetris/src/backend/models/GameManager.js": {"path":"/home/jbertin/Bureau/Post tronc commun/redtetris/src/backend/models/GameManager.js","statementMap":{"0":{"start":{"line":13,"column":4},"end":{"line":13,"column":27}},"1":{"start":{"line":14,"column":4},"end":{"line":14,"column":29}},"2":{"start":{"line":21,"column":4},"end":{"line":23,"column":7}},"3":{"start":{"line":22,"column":8},"end":{"line":22,"column":79}},"4":{"start":{"line":33,"column":4},"end":{"line":39,"column":5}},"5":{"start":{"line":34,"column":6},"end":{"line":38,"column":7}},"6":{"start":{"line":35,"column":8},"end":{"line":37,"column":9}},"7":{"start":{"line":35,"column":40},"end":{"line":35,"column":62}},"8":{"start":{"line":36,"column":10},"end":{"line":36,"column":22}},"9":{"start":{"line":40,"column":19},"end":{"line":40,"column":41}},"10":{"start":{"line":41,"column":20},"end":{"line":41,"column":64}},"11":{"start":{"line":42,"column":4},"end":{"line":42,"column":44}},"12":{"start":{"line":43,"column":19},"end":{"line":43,"column":47}},"13":{"start":{"line":45,"column":4},"end":{"line":45,"column":36}},"14":{"start":{"line":47,"column":4},"end":{"line":47,"column":41}},"15":{"start":{"line":49,"column":4},"end":{"line":49,"column":19}},"16":{"start":{"line":57,"column":4},"end":{"line":65,"column":7}},"17":{"start":{"line":58,"column":20},"end":{"line":58,"column":50}},"18":{"start":{"line":59,"column":6},"end":{"line":64,"column":8}},"19":{"start":{"line":75,"column":17},"end":{"line":75,"column":39}},"20":{"start":{"line":76,"column":4},"end":{"line":78,"column":5}},"21":{"start":{"line":77,"column":6},"end":{"line":77,"column":18}},"22":{"start":{"line":80,"column":20},"end":{"line":83,"column":6}},"23":{"start":{"line":81,"column":21},"end":{"line":81,"column":49}},"24":{"start":{"line":82,"column":6},"end":{"line":82,"column":94}},"25":{"start":{"line":85,"column":4},"end":{"line":88,"column":6}},"26":{"start":{"line":97,"column":4},"end":{"line":99,"column":5}},"27":{"start":{"line":98,"column":6},"end":{"line":98,"column":19}},"28":{"start":{"line":100,"column":4},"end":{"line":100,"column":30}},"29":{"start":{"line":101,"column":4},"end":{"line":101,"column":16}},"30":{"start":{"line":109,"column":4},"end":{"line":109,"column":47}},"31":{"start":{"line":118,"column":4},"end":{"line":120,"column":37}},"32":{"start":{"line":119,"column":6},"end":{"line":119,"column":55}},"33":{"start":{"line":121,"column":4},"end":{"line":121,"column":18}},"34":{"start":{"line":128,"column":4},"end":{"line":128,"column":23}},"35":{"start":{"line":129,"column":4},"end":{"line":129,"column":25}},"36":{"start":{"line":138,"column":4},"end":{"line":138,"column":38}},"37":{"start":{"line":147,"column":17},"end":{"line":147,"column":39}},"38":{"start":{"line":148,"column":4},"end":{"line":154,"column":5}},"39":{"start":{"line":149,"column":6},"end":{"line":149,"column":31}},"40":{"start":{"line":150,"column":6},"end":{"line":153,"column":7}},"41":{"start":{"line":151,"column":8},"end":{"line":151,"column":45}},"42":{"start":{"line":152,"column":8},"end":{"line":152,"column":32}},"43":{"start":{"line":163,"column":4},"end":{"line":171,"column":7}},"44":{"start":{"line":164,"column":6},"end":{"line":170,"column":7}},"45":{"start":{"line":165,"column":8},"end":{"line":165,"column":33}},"46":{"start":{"line":166,"column":8},"end":{"line":169,"column":9}},"47":{"start":{"line":167,"column":10},"end":{"line":167,"column":47}},"48":{"start":{"line":168,"column":10},"end":{"line":168,"column":34}},"49":{"start":{"line":172,"column":4},"end":{"line":172,"column":34}}},"fnMap":{"0":{"name":"(anonymous_0)","decl":{"start":{"line":12,"column":2},"end":{"line":12,"column":3}},"loc":{"start":{"line":12,"column":16},"end":{"line":15,"column":3}},"line":12},"1":{"name":"(anonymous_1)","decl":{"start":{"line":20,"column":2},"end":{"line":20,"column":3}},"loc":{"start":{"line":20,"column":34},"end":{"line":24,"column":5}},"line":20},"2":{"name":"(anonymous_2)","decl":{"start":{"line":32,"column":2},"end":{"line":32,"column":3}},"loc":{"start":{"line":32,"column":35},"end":{"line":50,"column":3}},"line":32},"3":{"name":"(anonymous_3)","decl":{"start":{"line":35,"column":30},"end":{"line":35,"column":31}},"loc":{"start":{"line":35,"column":40},"end":{"line":35,"column":62}},"line":35},"4":{"name":"(anonymous_4)","decl":{"start":{"line":56,"column":2},"end":{"line":56,"column":3}},"loc":{"start":{"line":56,"column":13},"end":{"line":67,"column":3}},"line":56},"5":{"name":"(anonymous_5)","decl":{"start":{"line":57,"column":47},"end":{"line":57,"column":48}},"loc":{"start":{"line":57,"column":55},"end":{"line":65,"column":5}},"line":57},"6":{"name":"(anonymous_6)","decl":{"start":{"line":74,"column":2},"end":{"line":74,"column":3}},"loc":{"start":{"line":74,"column":18},"end":{"line":89,"column":3}},"line":74},"7":{"name":"(anonymous_7)","decl":{"start":{"line":80,"column":37},"end":{"line":80,"column":38}},"loc":{"start":{"line":80,"column":49},"end":{"line":83,"column":5}},"line":80},"8":{"name":"(anonymous_8)","decl":{"start":{"line":96,"column":2},"end":{"line":96,"column":3}},"loc":{"start":{"line":96,"column":21},"end":{"line":102,"column":3}},"line":96},"9":{"name":"(anonymous_9)","decl":{"start":{"line":108,"column":2},"end":{"line":108,"column":3}},"loc":{"start":{"line":108,"column":20},"end":{"line":110,"column":3}},"line":108},"10":{"name":"(anonymous_10)","decl":{"start":{"line":116,"column":3},"end":{"line":116,"column":4}},"loc":{"start":{"line":116,"column":21},"end":{"line":122,"column":3}},"line":116},"11":{"name":"(anonymous_11)","decl":{"start":{"line":127,"column":2},"end":{"line":127,"column":3}},"loc":{"start":{"line":127,"column":10},"end":{"line":130,"column":3}},"line":127},"12":{"name":"(anonymous_12)","decl":{"start":{"line":137,"column":2},"end":{"line":137,"column":3}},"loc":{"start":{"line":137,"column":26},"end":{"line":139,"column":1}},"line":137},"13":{"name":"(anonymous_13)","decl":{"start":{"line":146,"column":2},"end":{"line":146,"column":3}},"loc":{"start":{"line":146,"column":43},"end":{"line":155,"column":3}},"line":146},"14":{"name":"(anonymous_14)","decl":{"start":{"line":162,"column":2},"end":{"line":162,"column":3}},"loc":{"start":{"line":162,"column":35},"end":{"line":173,"column":3}},"line":162},"15":{"name":"(anonymous_15)","decl":{"start":{"line":163,"column":23},"end":{"line":163,"column":24}},"loc":{"start":{"line":163,"column":41},"end":{"line":171,"column":5}},"line":163}},"branchMap":{"0":{"loc":{"start":{"line":33,"column":4},"end":{"line":39,"column":5}},"type":"if","locations":[{"start":{"line":33,"column":4},"end":{"line":39,"column":5}},{"start":{},"end":{}}],"line":33},"1":{"loc":{"start":{"line":35,"column":8},"end":{"line":37,"column":9}},"type":"if","locations":[{"start":{"line":35,"column":8},"end":{"line":37,"column":9}},{"start":{},"end":{}}],"line":35},"2":{"loc":{"start":{"line":62,"column":15},"end":{"line":62,"column":45}},"type":"cond-expr","locations":[{"start":{"line":62,"column":23},"end":{"line":62,"column":33}},{"start":{"line":62,"column":36},"end":{"line":62,"column":45}}],"line":62},"3":{"loc":{"start":{"line":76,"column":4},"end":{"line":78,"column":5}},"type":"if","locations":[{"start":{"line":76,"column":4},"end":{"line":78,"column":5}},{"start":{},"end":{}}],"line":76},"4":{"loc":{"start":{"line":82,"column":13},"end":{"line":82,"column":93}},"type":"cond-expr","locations":[{"start":{"line":82,"column":22},"end":{"line":82,"column":57}},{"start":{"line":82,"column":60},"end":{"line":82,"column":93}}],"line":82},"5":{"loc":{"start":{"line":97,"column":4},"end":{"line":99,"column":5}},"type":"if","locations":[{"start":{"line":97,"column":4},"end":{"line":99,"column":5}},{"start":{},"end":{}}],"line":97},"6":{"loc":{"start":{"line":148,"column":4},"end":{"line":154,"column":5}},"type":"if","locations":[{"start":{"line":148,"column":4},"end":{"line":154,"column":5}},{"start":{},"end":{}}],"line":148},"7":{"loc":{"start":{"line":150,"column":6},"end":{"line":153,"column":7}},"type":"if","locations":[{"start":{"line":150,"column":6},"end":{"line":153,"column":7}},{"start":{},"end":{}}],"line":150},"8":{"loc":{"start":{"line":164,"column":6},"end":{"line":170,"column":7}},"type":"if","locations":[{"start":{"line":164,"column":6},"end":{"line":170,"column":7}},{"start":{},"end":{}}],"line":164},"9":{"loc":{"start":{"line":166,"column":8},"end":{"line":169,"column":9}},"type":"if","locations":[{"start":{"line":166,"column":8},"end":{"line":169,"column":9}},{"start":{},"end":{}}],"line":166}},"s":{"0":16,"1":16,"2":37,"3":17,"4":33,"5":24,"6":24,"7":0,"8":0,"9":33,"10":33,"11":33,"12":33,"13":33,"14":33,"15":33,"16":6,"17":5,"18":5,"19":1,"20":1,"21":0,"22":1,"23":0,"24":0,"25":1,"26":3,"27":1,"28":2,"29":2,"30":11,"31":33,"32":33,"33":33,"34":2,"35":2,"36":44,"37":2,"38":2,"39":2,"40":2,"41":2,"42":2,"43":4,"44":0,"45":0,"46":0,"47":0,"48":0,"49":4},"f":{"0":16,"1":37,"2":33,"3":0,"4":6,"5":5,"6":1,"7":0,"8":3,"9":11,"10":33,"11":2,"12":44,"13":2,"14":4,"15":0},"b":{"0":[24,9],"1":[0,24],"2":[2,3],"3":[0,1],"4":[0,0],"5":[1,2],"6":[2,0],"7":[2,0],"8":[0,0],"9":[0,0]},"_coverageSchema":"1a1c01bbd47fc00a2c39e90264f33305004495a9","hash":"d0469807321f85823d9fdb80d9c6b6ea29b7a324"}
,"/home/jbertin/Bureau/Post tronc commun/redtetris/src/backend/models/Piece.js": {"path":"/home/jbertin/Bureau/Post tronc commun/redtetris/src/backend/models/Piece.js","statementMap":{"0":{"start":{"line":12,"column":4},"end":{"line":12,"column":23}},"1":{"start":{"line":13,"column":4},"end":{"line":13,"column":20}},"2":{"start":{"line":23,"column":4},"end":{"line":24,"column":42}},"3":{"start":{"line":24,"column":23},"end":{"line":24,"column":41}},"4":{"start":{"line":34,"column":4},"end":{"line":36,"column":33}},"5":{"start":{"line":35,"column":23},"end":{"line":35,"column":41}},"6":{"start":{"line":36,"column":26},"end":{"line":36,"column":32}},"7":{"start":{"line":46,"column":4},"end":{"line":47,"column":42}},"8":{"start":{"line":47,"column":23},"end":{"line":47,"column":41}}},"fnMap":{"0":{"name":"(anonymous_0)","decl":{"start":{"line":11,"column":2},"end":{"line":11,"column":3}},"loc":{"start":{"line":11,"column":21},"end":{"line":14,"column":3}},"line":11},"1":{"name":"(anonymous_1)","decl":{"start":{"line":22,"column":2},"end":{"line":22,"column":3}},"loc":{"start":{"line":22,"column":29},"end":{"line":25,"column":3}},"line":22},"2":{"name":"(anonymous_2)","decl":{"start":{"line":24,"column":11},"end":{"line":24,"column":12}},"loc":{"start":{"line":24,"column":23},"end":{"line":24,"column":41}},"line":24},"3":{"name":"(anonymous_3)","decl":{"start":{"line":33,"column":2},"end":{"line":33,"column":3}},"loc":{"start":{"line":33,"column":30},"end":{"line":37,"column":3}},"line":33},"4":{"name":"(anonymous_4)","decl":{"start":{"line":35,"column":11},"end":{"line":35,"column":12}},"loc":{"start":{"line":35,"column":23},"end":{"line":35,"column":41}},"line":35},"5":{"name":"(anonymous_5)","decl":{"start":{"line":36,"column":14},"end":{"line":36,"column":15}},"loc":{"start":{"line":36,"column":26},"end":{"line":36,"column":32}},"line":36},"6":{"name":"(anonymous_6)","decl":{"start":{"line":45,"column":2},"end":{"line":45,"column":3}},"loc":{"start":{"line":45,"column":37},"end":{"line":48,"column":3}},"line":45},"7":{"name":"(anonymous_7)","decl":{"start":{"line":47,"column":11},"end":{"line":47,"column":12}},"loc":{"start":{"line":47,"column":23},"end":{"line":47,"column":41}},"line":47}},"branchMap":{},"s":{"0":50,"1":50,"2":31,"3":124,"4":29,"5":116,"6":116,"7":1,"8":4},"f":{"0":50,"1":31,"2":124,"3":29,"4":116,"5":116,"6":1,"7":4},"b":{},"_coverageSchema":"1a1c01bbd47fc00a2c39e90264f33305004495a9","hash":"7b5924b42c81991e645c70229d0d7179320688bb"}
,"/home/jbertin/Bureau/Post tronc commun/redtetris/src/backend/models/Player.js": {"path":"/home/jbertin/Bureau/Post tronc commun/redtetris/src/backend/models/Player.js","statementMap":{"0":{"start":{"line":15,"column":4},"end":{"line":15,"column":25}},"1":{"start":{"line":16,"column":4},"end":{"line":16,"column":21}},"2":{"start":{"line":17,"column":4},"end":{"line":17,"column":19}},"3":{"start":{"line":18,"column":4},"end":{"line":18,"column":57}},"4":{"start":{"line":19,"column":4},"end":{"line":19,"column":21}},"5":{"start":{"line":27,"column":4},"end":{"line":27,"column":21}},"6":{"start":{"line":35,"column":23},"end":{"line":35,"column":63}},"7":{"start":{"line":35,"column":54},"end":{"line":35,"column":62}},"8":{"start":{"line":37,"column":4},"end":{"line":47,"column":5}},"9":{"start":{"line":37,"column":19},"end":{"line":37,"column":20}},"10":{"start":{"line":38,"column":23},"end":{"line":38,"column":28}},"11":{"start":{"line":39,"column":6},"end":{"line":46,"column":7}},"12":{"start":{"line":39,"column":21},"end":{"line":39,"column":22}},"13":{"start":{"line":40,"column":8},"end":{"line":42,"column":9}},"14":{"start":{"line":41,"column":10},"end":{"line":41,"column":28}},"15":{"start":{"line":43,"column":8},"end":{"line":45,"column":9}},"16":{"start":{"line":44,"column":10},"end":{"line":44,"column":35}},"17":{"start":{"line":48,"column":4},"end":{"line":48,"column":22}},"18":{"start":{"line":56,"column":4},"end":{"line":56,"column":24}},"19":{"start":{"line":64,"column":4},"end":{"line":64,"column":22}},"20":{"start":{"line":72,"column":4},"end":{"line":72,"column":21}},"21":{"start":{"line":80,"column":4},"end":{"line":80,"column":24}},"22":{"start":{"line":88,"column":4},"end":{"line":88,"column":46}},"23":{"start":{"line":88,"column":33},"end":{"line":88,"column":46}},"24":{"start":{"line":90,"column":25},"end":{"line":90,"column":50}},"25":{"start":{"line":91,"column":22},"end":{"line":91,"column":80}},"26":{"start":{"line":93,"column":4},"end":{"line":127,"column":5}},"27":{"start":{"line":94,"column":6},"end":{"line":94,"column":41}},"28":{"start":{"line":95,"column":6},"end":{"line":95,"column":38}},"29":{"start":{"line":96,"column":6},"end":{"line":99,"column":9}},"30":{"start":{"line":97,"column":8},"end":{"line":97,"column":26}},"31":{"start":{"line":97,"column":19},"end":{"line":97,"column":26}},"32":{"start":{"line":98,"column":8},"end":{"line":98,"column":70}},"33":{"start":{"line":100,"column":6},"end":{"line":100,"column":18}},"34":{"start":{"line":103,"column":6},"end":{"line":103,"column":32}},"35":{"start":{"line":104,"column":21},"end":{"line":104,"column":51}},"36":{"start":{"line":105,"column":6},"end":{"line":121,"column":7}},"37":{"start":{"line":106,"column":8},"end":{"line":120,"column":9}},"38":{"start":{"line":107,"column":12},"end":{"line":107,"column":30}},"39":{"start":{"line":109,"column":13},"end":{"line":120,"column":9}},"40":{"start":{"line":110,"column":12},"end":{"line":110,"column":31}},"41":{"start":{"line":111,"column":12},"end":{"line":111,"column":69}},"42":{"start":{"line":113,"column":13},"end":{"line":120,"column":9}},"43":{"start":{"line":114,"column":12},"end":{"line":114,"column":31}},"44":{"start":{"line":115,"column":12},"end":{"line":115,"column":69}},"45":{"start":{"line":117,"column":13},"end":{"line":120,"column":9}},"46":{"start":{"line":118,"column":12},"end":{"line":118,"column":32}},"47":{"start":{"line":119,"column":12},"end":{"line":119,"column":69}},"48":{"start":{"line":122,"column":6},"end":{"line":122,"column":35}},"49":{"start":{"line":123,"column":6},"end":{"line":126,"column":7}},"50":{"start":{"line":124,"column":8},"end":{"line":124,"column":112}},"51":{"start":{"line":125,"column":8},"end":{"line":125,"column":21}},"52":{"start":{"line":128,"column":4},"end":{"line":128,"column":17}},"53":{"start":{"line":137,"column":4},"end":{"line":137,"column":46}},"54":{"start":{"line":137,"column":33},"end":{"line":137,"column":46}},"55":{"start":{"line":139,"column":25},"end":{"line":139,"column":50}},"56":{"start":{"line":140,"column":22},"end":{"line":140,"column":94}},"57":{"start":{"line":142,"column":4},"end":{"line":150,"column":5}},"58":{"start":{"line":143,"column":6},"end":{"line":143,"column":41}},"59":{"start":{"line":144,"column":6},"end":{"line":144,"column":53}},"60":{"start":{"line":145,"column":6},"end":{"line":148,"column":9}},"61":{"start":{"line":146,"column":8},"end":{"line":146,"column":26}},"62":{"start":{"line":146,"column":19},"end":{"line":146,"column":26}},"63":{"start":{"line":147,"column":8},"end":{"line":147,"column":70}},"64":{"start":{"line":149,"column":6},"end":{"line":149,"column":18}},"65":{"start":{"line":151,"column":4},"end":{"line":151,"column":17}},"66":{"start":{"line":159,"column":4},"end":{"line":159,"column":46}},"67":{"start":{"line":159,"column":33},"end":{"line":159,"column":46}},"68":{"start":{"line":161,"column":4},"end":{"line":161,"column":68}},"69":{"start":{"line":161,"column":56},"end":{"line":161,"column":68}},"70":{"start":{"line":163,"column":25},"end":{"line":163,"column":50}},"71":{"start":{"line":164,"column":27},"end":{"line":164,"column":89}},"72":{"start":{"line":166,"column":4},"end":{"line":174,"column":5}},"73":{"start":{"line":167,"column":6},"end":{"line":167,"column":41}},"74":{"start":{"line":168,"column":6},"end":{"line":168,"column":88}},"75":{"start":{"line":169,"column":6},"end":{"line":172,"column":9}},"76":{"start":{"line":170,"column":8},"end":{"line":170,"column":26}},"77":{"start":{"line":170,"column":19},"end":{"line":170,"column":26}},"78":{"start":{"line":171,"column":8},"end":{"line":171,"column":70}},"79":{"start":{"line":173,"column":6},"end":{"line":173,"column":18}},"80":{"start":{"line":176,"column":24},"end":{"line":176,"column":31}},"81":{"start":{"line":177,"column":4},"end":{"line":191,"column":5}},"82":{"start":{"line":177,"column":17},"end":{"line":177,"column":18}},"83":{"start":{"line":178,"column":26},"end":{"line":178,"column":46}},"84":{"start":{"line":179,"column":6},"end":{"line":179,"column":96}},"85":{"start":{"line":181,"column":6},"end":{"line":190,"column":7}},"86":{"start":{"line":182,"column":8},"end":{"line":182,"column":43}},"87":{"start":{"line":183,"column":8},"end":{"line":183,"column":52}},"88":{"start":{"line":184,"column":8},"end":{"line":184,"column":90}},"89":{"start":{"line":185,"column":8},"end":{"line":188,"column":11}},"90":{"start":{"line":186,"column":10},"end":{"line":186,"column":28}},"91":{"start":{"line":186,"column":21},"end":{"line":186,"column":28}},"92":{"start":{"line":187,"column":10},"end":{"line":187,"column":72}},"93":{"start":{"line":189,"column":8},"end":{"line":189,"column":20}},"94":{"start":{"line":193,"column":4},"end":{"line":193,"column":17}},"95":{"start":{"line":201,"column":4},"end":{"line":201,"column":46}},"96":{"start":{"line":201,"column":33},"end":{"line":201,"column":46}},"97":{"start":{"line":203,"column":4},"end":{"line":204,"column":15}},"98":{"start":{"line":204,"column":6},"end":{"line":204,"column":15}},"99":{"start":{"line":206,"column":4},"end":{"line":206,"column":16}}},"fnMap":{"0":{"name":"(anonymous_0)","decl":{"start":{"line":14,"column":2},"end":{"line":14,"column":3}},"loc":{"start":{"line":14,"column":28},"end":{"line":20,"column":3}},"line":14},"1":{"name":"(anonymous_1)","decl":{"start":{"line":26,"column":2},"end":{"line":26,"column":3}},"loc":{"start":{"line":26,"column":16},"end":{"line":28,"column":3}},"line":26},"2":{"name":"(anonymous_2)","decl":{"start":{"line":34,"column":2},"end":{"line":34,"column":3}},"loc":{"start":{"line":34,"column":18},"end":{"line":49,"column":3}},"line":34},"3":{"name":"(anonymous_3)","decl":{"start":{"line":35,"column":47},"end":{"line":35,"column":48}},"loc":{"start":{"line":35,"column":54},"end":{"line":35,"column":62}},"line":35},"4":{"name":"(anonymous_4)","decl":{"start":{"line":55,"column":2},"end":{"line":55,"column":3}},"loc":{"start":{"line":55,"column":18},"end":{"line":57,"column":3}},"line":55},"5":{"name":"(anonymous_5)","decl":{"start":{"line":63,"column":2},"end":{"line":63,"column":3}},"loc":{"start":{"line":63,"column":13},"end":{"line":65,"column":3}},"line":63},"6":{"name":"(anonymous_6)","decl":{"start":{"line":71,"column":2},"end":{"line":71,"column":3}},"loc":{"start":{"line":71,"column":12},"end":{"line":73,"column":3}},"line":71},"7":{"name":"(anonymous_7)","decl":{"start":{"line":79,"column":2},"end":{"line":79,"column":3}},"loc":{"start":{"line":79,"column":22},"end":{"line":81,"column":3}},"line":79},"8":{"name":"(anonymous_8)","decl":{"start":{"line":87,"column":2},"end":{"line":87,"column":3}},"loc":{"start":{"line":87,"column":13},"end":{"line":129,"column":3}},"line":87},"9":{"name":"(anonymous_9)","decl":{"start":{"line":96,"column":24},"end":{"line":96,"column":25}},"loc":{"start":{"line":96,"column":36},"end":{"line":99,"column":7}},"line":96},"10":{"name":"(anonymous_10)","decl":{"start":{"line":136,"column":2},"end":{"line":136,"column":3}},"loc":{"start":{"line":136,"column":17},"end":{"line":152,"column":3}},"line":136},"11":{"name":"(anonymous_11)","decl":{"start":{"line":145,"column":24},"end":{"line":145,"column":25}},"loc":{"start":{"line":145,"column":36},"end":{"line":148,"column":7}},"line":145},"12":{"name":"(anonymous_12)","decl":{"start":{"line":158,"column":2},"end":{"line":158,"column":3}},"loc":{"start":{"line":158,"column":11},"end":{"line":194,"column":3}},"line":158},"13":{"name":"(anonymous_13)","decl":{"start":{"line":169,"column":31},"end":{"line":169,"column":32}},"loc":{"start":{"line":169,"column":43},"end":{"line":172,"column":7}},"line":169},"14":{"name":"(anonymous_14)","decl":{"start":{"line":185,"column":33},"end":{"line":185,"column":34}},"loc":{"start":{"line":185,"column":45},"end":{"line":188,"column":9}},"line":185},"15":{"name":"(anonymous_15)","decl":{"start":{"line":200,"column":2},"end":{"line":200,"column":3}},"loc":{"start":{"line":200,"column":13},"end":{"line":207,"column":3}},"line":200}},"branchMap":{"0":{"loc":{"start":{"line":40,"column":8},"end":{"line":42,"column":9}},"type":"if","locations":[{"start":{"line":40,"column":8},"end":{"line":42,"column":9}},{"start":{},"end":{}}],"line":40},"1":{"loc":{"start":{"line":43,"column":8},"end":{"line":45,"column":9}},"type":"if","locations":[{"start":{"line":43,"column":8},"end":{"line":45,"column":9}},{"start":{},"end":{}}],"line":43},"2":{"loc":{"start":{"line":88,"column":4},"end":{"line":88,"column":46}},"type":"if","locations":[{"start":{"line":88,"column":4},"end":{"line":88,"column":46}},{"start":{},"end":{}}],"line":88},"3":{"loc":{"start":{"line":93,"column":4},"end":{"line":127,"column":5}},"type":"if","locations":[{"start":{"line":93,"column":4},"end":{"line":127,"column":5}},{"start":{"line":102,"column":9},"end":{"line":127,"column":5}}],"line":93},"4":{"loc":{"start":{"line":97,"column":8},"end":{"line":97,"column":26}},"type":"if","locations":[{"start":{"line":97,"column":8},"end":{"line":97,"column":26}},{"start":{},"end":{}}],"line":97},"5":{"loc":{"start":{"line":105,"column":6},"end":{"line":121,"column":7}},"type":"if","locations":[{"start":{"line":105,"column":6},"end":{"line":121,"column":7}},{"start":{},"end":{}}],"line":105},"6":{"loc":{"start":{"line":106,"column":8},"end":{"line":120,"column":9}},"type":"if","locations":[{"start":{"line":106,"column":8},"end":{"line":120,"column":9}},{"start":{"line":109,"column":13},"end":{"line":120,"column":9}}],"line":106},"7":{"loc":{"start":{"line":109,"column":13},"end":{"line":120,"column":9}},"type":"if","locations":[{"start":{"line":109,"column":13},"end":{"line":120,"column":9}},{"start":{"line":113,"column":13},"end":{"line":120,"column":9}}],"line":109},"8":{"loc":{"start":{"line":113,"column":13},"end":{"line":120,"column":9}},"type":"if","locations":[{"start":{"line":113,"column":13},"end":{"line":120,"column":9}},{"start":{"line":117,"column":13},"end":{"line":120,"column":9}}],"line":113},"9":{"loc":{"start":{"line":117,"column":13},"end":{"line":120,"column":9}},"type":"if","locations":[{"start":{"line":117,"column":13},"end":{"line":120,"column":9}},{"start":{},"end":{}}],"line":117},"10":{"loc":{"start":{"line":123,"column":6},"end":{"line":126,"column":7}},"type":"if","locations":[{"start":{"line":123,"column":6},"end":{"line":126,"column":7}},{"start":{},"end":{}}],"line":123},"11":{"loc":{"start":{"line":137,"column":4},"end":{"line":137,"column":46}},"type":"if","locations":[{"start":{"line":137,"column":4},"end":{"line":137,"column":46}},{"start":{},"end":{}}],"line":137},"12":{"loc":{"start":{"line":140,"column":79},"end":{"line":140,"column":92}},"type":"cond-expr","locations":[{"start":{"line":140,"column":86},"end":{"line":140,"column":88}},{"start":{"line":140,"column":91},"end":{"line":140,"column":92}}],"line":140},"13":{"loc":{"start":{"line":142,"column":4},"end":{"line":150,"column":5}},"type":"if","locations":[{"start":{"line":142,"column":4},"end":{"line":150,"column":5}},{"start":{},"end":{}}],"line":142},"14":{"loc":{"start":{"line":144,"column":39},"end":{"line":144,"column":52}},"type":"cond-expr","locations":[{"start":{"line":144,"column":46},"end":{"line":144,"column":48}},{"start":{"line":144,"column":51},"end":{"line":144,"column":52}}],"line":144},"15":{"loc":{"start":{"line":146,"column":8},"end":{"line":146,"column":26}},"type":"if","locations":[{"start":{"line":146,"column":8},"end":{"line":146,"column":26}},{"start":{},"end":{}}],"line":146},"16":{"loc":{"start":{"line":159,"column":4},"end":{"line":159,"column":46}},"type":"if","locations":[{"start":{"line":159,"column":4},"end":{"line":159,"column":46}},{"start":{},"end":{}}],"line":159},"17":{"loc":{"start":{"line":161,"column":4},"end":{"line":161,"column":68}},"type":"if","locations":[{"start":{"line":161,"column":4},"end":{"line":161,"column":68}},{"start":{},"end":{}}],"line":161},"18":{"loc":{"start":{"line":166,"column":4},"end":{"line":174,"column":5}},"type":"if","locations":[{"start":{"line":166,"column":4},"end":{"line":174,"column":5}},{"start":{},"end":{}}],"line":166},"19":{"loc":{"start":{"line":170,"column":8},"end":{"line":170,"column":26}},"type":"if","locations":[{"start":{"line":170,"column":8},"end":{"line":170,"column":26}},{"start":{},"end":{}}],"line":170},"20":{"loc":{"start":{"line":181,"column":6},"end":{"line":190,"column":7}},"type":"if","locations":[{"start":{"line":181,"column":6},"end":{"line":190,"column":7}},{"start":{},"end":{}}],"line":181},"21":{"loc":{"start":{"line":186,"column":10},"end":{"line":186,"column":28}},"type":"if","locations":[{"start":{"line":186,"column":10},"end":{"line":186,"column":28}},{"start":{},"end":{}}],"line":186},"22":{"loc":{"start":{"line":201,"column":4},"end":{"line":201,"column":46}},"type":"if","locations":[{"start":{"line":201,"column":4},"end":{"line":201,"column":46}},{"start":{},"end":{}}],"line":201}},"s":{"0":18,"1":18,"2":18,"3":18,"4":18,"5":1,"6":1,"7":20,"8":1,"9":1,"10":10,"11":10,"12":10,"13":200,"14":0,"15":200,"16":0,"17":1,"18":1,"19":1,"20":2,"21":1,"22":28,"23":0,"24":28,"25":28,"26":28,"27":22,"28":22,"29":22,"30":88,"31":8,"32":80,"33":22,"34":6,"35":6,"36":6,"37":4,"38":1,"39":3,"40":1,"41":1,"42":2,"43":1,"44":1,"45":1,"46":1,"47":1,"48":6,"49":6,"50":0,"51":0,"52":6,"53":2,"54":0,"55":2,"56":2,"57":2,"58":1,"59":1,"60":1,"61":4,"62":4,"63":0,"64":1,"65":1,"66":1,"67":0,"68":1,"69":0,"70":1,"71":1,"72":1,"73":1,"74":1,"75":1,"76":4,"77":3,"78":1,"79":1,"80":0,"81":0,"82":0,"83":0,"84":0,"85":0,"86":0,"87":0,"88":0,"89":0,"90":0,"91":0,"92":0,"93":0,"94":0,"95":1,"96":0,"97":1,"98":21,"99":1},"f":{"0":18,"1":1,"2":1,"3":20,"4":1,"5":1,"6":2,"7":1,"8":28,"9":88,"10":2,"11":4,"12":1,"13":4,"14":0,"15":1},"b":{"0":[0,200],"1":[0,200],"2":[0,28],"3":[22,6],"4":[8,80],"5":[4,2],"6":[1,3],"7":[1,2],"8":[1,1],"9":[1,0],"10":[0,6],"11":[0,2],"12":[2,0],"13":[1,1],"14":[1,0],"15":[4,0],"16":[0,1],"17":[0,1],"18":[1,0],"19":[3,1],"20":[0,0],"21":[0,0],"22":[0,1]},"_coverageSchema":"1a1c01bbd47fc00a2c39e90264f33305004495a9","hash":"8374b855ab8804f95581dcd7576ff38baa755d01"}
,"/home/jbertin/Bureau/Post tronc commun/redtetris/src/backend/utils/messaging.js": {"path":"/home/jbertin/Bureau/Post tronc commun/redtetris/src/backend/utils/messaging.js","statementMap":{"0":{"start":{"line":11,"column":18},"end":{"line":11,"column":43}},"1":{"start":{"line":12,"column":2},"end":{"line":16,"column":3}},"2":{"start":{"line":13,"column":4},"end":{"line":13,"column":49}},"3":{"start":{"line":15,"column":4},"end":{"line":15,"column":36}}},"fnMap":{"0":{"name":"sendMessage","decl":{"start":{"line":10,"column":16},"end":{"line":10,"column":27}},"loc":{"start":{"line":10,"column":87},"end":{"line":17,"column":1}},"line":10}},"branchMap":{"0":{"loc":{"start":{"line":10,"column":74},"end":{"line":10,"column":85}},"type":"default-arg","locations":[{"start":{"line":10,"column":81},"end":{"line":10,"column":85}}],"line":10},"1":{"loc":{"start":{"line":12,"column":2},"end":{"line":16,"column":3}},"type":"if","locations":[{"start":{"line":12,"column":2},"end":{"line":16,"column":3}},{"start":{"line":14,"column":9},"end":{"line":16,"column":3}}],"line":12}},"s":{"0":27,"1":27,"2":1,"3":26},"f":{"0":27},"b":{"0":[19],"1":[1,26]},"_coverageSchema":"1a1c01bbd47fc00a2c39e90264f33305004495a9","hash":"2ce33bd4c3013c44256a4d0e9a6982e6cada45f2"}
}
