TN:
SF:constant.js
FNF:0
FNH:0
DA:1,7
DA:2,7
DA:4,7
DA:14,7
LF:4
LH:4
BRF:0
BRH:0
end_of_record
TN:
SF:server.js
FN:10,(anonymous_0)
FNF:1
FNH:1
FNDA:3,(anonymous_0)
DA:5,3
DA:6,3
DA:8,3
DA:10,3
DA:11,3
LF:5
LH:5
BRF:0
BRH:0
end_of_record
TN:
SF:socketConfig.js
FN:12,getLeaderboard
FN:15,(anonymous_1)
FN:19,(anonymous_2)
FN:28,(anonymous_3)
FN:32,(anonymous_4)
FN:34,(anonymous_5)
FN:41,(anonymous_6)
FN:49,setupSocket
FN:58,(anonymous_8)
FN:59,(anonymous_9)
FN:75,(anonymous_10)
FN:91,(anonymous_11)
FN:109,(anonymous_12)
FN:125,(anonymous_13)
FN:134,(anonymous_14)
FN:140,(anonymous_15)
FN:150,(anonymous_16)
FN:159,(anonymous_17)
FN:168,(anonymous_18)
FN:177,(anonymous_19)
FN:184,(anonymous_20)
FN:190,(anonymous_21)
FN:200,(anonymous_22)
FN:205,(anonymous_23)
FN:217,(anonymous_24)
FN:223,(anonymous_25)
FN:227,(anonymous_26)
FN:240,(anonymous_27)
FN:253,(anonymous_28)
FN:259,(anonymous_29)
FN:269,(anonymous_30)
FN:273,(anonymous_31)
FN:280,(anonymous_32)
FNF:33
FNH:26
FNDA:1,getLeaderboard
FNDA:1,(anonymous_1)
FNDA:0,(anonymous_2)
FNDA:2754,(anonymous_3)
FNDA:1,(anonymous_4)
FNDA:2867,(anonymous_5)
FNDA:0,(anonymous_6)
FNDA:2,setupSocket
FNDA:3,(anonymous_8)
FNDA:1,(anonymous_9)
FNDA:1,(anonymous_10)
FNDA:1,(anonymous_11)
FNDA:1,(anonymous_12)
FNDA:1,(anonymous_13)
FNDA:1,(anonymous_14)
FNDA:1,(anonymous_15)
FNDA:2,(anonymous_16)
FNDA:2,(anonymous_17)
FNDA:2,(anonymous_18)
FNDA:0,(anonymous_19)
FNDA:0,(anonymous_20)
FNDA:2,(anonymous_21)
FNDA:1,(anonymous_22)
FNDA:1,(anonymous_23)
FNDA:1,(anonymous_24)
FNDA:1,(anonymous_25)
FNDA:0,(anonymous_26)
FNDA:1,(anonymous_27)
FNDA:0,(anonymous_28)
FNDA:1,(anonymous_29)
FNDA:3,(anonymous_30)
FNDA:1,(anonymous_31)
FNDA:0,(anonymous_32)
DA:13,1
DA:15,1
DA:16,1
DA:17,1
DA:19,1
DA:20,0
DA:23,1
DA:28,1
DA:29,2754
DA:32,1
DA:33,1
DA:34,2867
DA:35,1
DA:37,0
DA:41,1
DA:42,0
DA:47,2
DA:51,2
DA:58,2
DA:59,3
DA:60,1
DA:61,1
DA:62,1
DA:63,0
DA:64,0
DA:65,0
DA:67,0
DA:68,0
DA:71,1
DA:75,3
DA:76,1
DA:77,1
DA:78,1
DA:79,0
DA:80,0
DA:81,0
DA:83,0
DA:84,0
DA:87,1
DA:91,3
DA:92,1
DA:93,1
DA:94,1
DA:95,0
DA:96,0
DA:97,0
DA:99,0
DA:100,0
DA:101,0
DA:105,1
DA:109,3
DA:110,1
DA:111,1
DA:112,1
DA:113,0
DA:114,0
DA:115,0
DA:117,0
DA:118,0
DA:121,1
DA:125,3
DA:126,1
DA:127,1
DA:128,1
DA:130,0
DA:134,3
DA:135,1
DA:136,1
DA:137,1
DA:140,3
DA:141,1
DA:143,1
DA:144,0
DA:145,0
DA:147,1
DA:150,3
DA:151,2
DA:152,2
DA:153,0
DA:154,0
DA:156,2
DA:159,3
DA:160,2
DA:161,2
DA:162,2
DA:163,2
DA:165,0
DA:168,3
DA:169,2
DA:170,2
DA:171,1
DA:172,1
DA:174,1
DA:177,3
DA:178,0
DA:179,0
DA:180,0
DA:181,0
DA:183,0
DA:184,0
DA:185,0
DA:187,0
DA:190,3
DA:191,2
DA:192,2
DA:193,1
DA:194,1
DA:196,1
DA:197,1
DA:200,3
DA:201,1
DA:202,1
DA:205,3
DA:206,1
DA:207,1
DA:208,1
DA:209,0
DA:210,0
DA:211,0
DA:212,0
DA:213,0
DA:214,0
DA:217,3
DA:218,1
DA:219,1
DA:220,1
DA:223,3
DA:224,1
DA:225,1
DA:226,0
DA:227,0
DA:228,0
DA:229,0
DA:232,0
DA:235,1
DA:237,1
DA:240,3
DA:241,1
DA:242,1
DA:243,1
DA:244,1
DA:245,1
DA:247,0
DA:248,0
DA:249,0
DA:250,0
DA:252,0
DA:253,0
DA:254,0
DA:255,0
DA:259,3
DA:260,1
DA:261,1
DA:262,1
DA:263,1
DA:265,0
DA:266,0
DA:269,3
DA:270,3
DA:273,3
DA:274,1
DA:275,1
DA:276,1
DA:277,1
DA:279,0
DA:280,0
DA:281,0
DA:287,2
LF:168
LH:106
BRDA:62,0,0,0
BRDA:62,0,1,1
BRDA:63,1,0,0
BRDA:63,1,1,0
BRDA:78,2,0,0
BRDA:78,2,1,1
BRDA:79,3,0,0
BRDA:79,3,1,0
BRDA:94,4,0,0
BRDA:94,4,1,1
BRDA:95,5,0,0
BRDA:95,5,1,0
BRDA:100,6,0,0
BRDA:100,6,1,0
BRDA:112,7,0,0
BRDA:112,7,1,1
BRDA:113,8,0,0
BRDA:113,8,1,0
BRDA:143,9,0,0
BRDA:143,9,1,1
BRDA:152,10,0,0
BRDA:152,10,1,2
BRDA:161,11,0,2
BRDA:161,11,1,0
BRDA:170,12,0,1
BRDA:170,12,1,1
BRDA:179,13,0,0
BRDA:179,13,1,0
BRDA:192,14,0,1
BRDA:192,14,1,1
BRDA:207,15,0,1
BRDA:207,15,1,0
BRDA:209,16,0,0
BRDA:209,16,1,0
BRDA:225,17,0,0
BRDA:225,17,1,1
BRDA:226,18,0,0
BRDA:226,18,1,0
BRDA:228,19,0,0
BRDA:228,19,1,0
BRDA:243,20,0,1
BRDA:243,20,1,0
BRDA:248,21,0,0
BRDA:248,21,1,0
BRDA:254,22,0,0
BRDA:254,22,1,0
BRDA:261,23,0,1
BRDA:261,23,1,0
BRDA:275,24,0,1
BRDA:275,24,1,0
BRF:50
BRH:16
end_of_record
TN:
SF:models/Board.js
FN:15,(anonymous_0)
FN:25,(anonymous_1)
FN:45,(anonymous_2)
FN:58,(anonymous_3)
FN:74,(anonymous_4)
FN:83,(anonymous_5)
FN:103,(anonymous_6)
FN:105,(anonymous_7)
FN:106,(anonymous_8)
FN:106,(anonymous_9)
FN:111,(anonymous_10)
FN:124,(anonymous_11)
FN:130,(anonymous_12)
FN:138,(anonymous_13)
FN:142,(anonymous_14)
FN:152,(anonymous_15)
FN:153,(anonymous_16)
FN:162,(anonymous_17)
FN:165,(anonymous_18)
FN:174,(anonymous_19)
FN:185,(anonymous_20)
FN:186,(anonymous_21)
FNF:22
FNH:20
FNDA:47,(anonymous_0)
FNDA:18,(anonymous_1)
FNDA:44,(anonymous_2)
FNDA:66,(anonymous_3)
FNDA:1,(anonymous_4)
FNDA:1,(anonymous_5)
FNDA:3,(anonymous_6)
FNDA:60,(anonymous_7)
FNDA:69,(anonymous_8)
FNDA:1,(anonymous_9)
FNDA:60,(anonymous_10)
FNDA:3,(anonymous_11)
FNDA:0,(anonymous_12)
FNDA:25,(anonymous_13)
FNDA:76,(anonymous_14)
FNDA:32,(anonymous_15)
FNDA:106,(anonymous_16)
FNDA:1,(anonymous_17)
FNDA:0,(anonymous_18)
FNDA:7,(anonymous_19)
FNDA:2,(anonymous_20)
FNDA:11,(anonymous_21)
DA:4,4
DA:16,47
DA:17,47
DA:18,47
DA:26,18
DA:27,18
DA:28,18
DA:29,18
DA:30,18
DA:31,18
DA:32,18
DA:33,18
DA:34,18
DA:35,18
DA:36,18
DA:37,18
DA:46,44
DA:47,1
DA:49,43
DA:59,66
DA:60,66
DA:61,980
DA:62,980
DA:63,13200
DA:65,980
DA:67,66
DA:75,1
DA:84,1
DA:86,1
DA:87,1
DA:88,2
DA:89,2
DA:92,1
DA:94,1
DA:95,2
DA:104,3
DA:105,3
DA:106,69
DA:107,1
DA:111,60
DA:113,3
DA:114,1
DA:117,3
DA:118,3
DA:125,3
DA:126,1
DA:128,2
DA:129,2
DA:130,2
DA:131,0
DA:139,25
DA:140,25
DA:142,25
DA:143,76
DA:153,32
DA:154,106
DA:163,1
DA:164,1
DA:165,1
DA:166,0
DA:168,1
DA:175,7
DA:176,7
DA:177,7
DA:178,7
DA:186,11
DA:187,1
DA:188,1
DA:189,1
DA:191,1
LF:70
LH:68
BRDA:46,0,0,1
BRDA:46,0,1,43
BRDA:106,1,0,1
BRDA:106,1,1,59
BRDA:106,2,0,60
BRDA:106,2,1,1
BRDA:125,3,0,1
BRDA:125,3,1,2
BRDA:154,4,0,106
BRDA:154,4,1,100
BRDA:154,4,2,100
BRDA:154,4,3,99
BRDA:154,4,4,82
BRDA:186,5,0,1
BRDA:186,5,1,1
BRF:15
BRH:15
end_of_record
TN:
SF:models/Game.js
FN:13,(anonymous_0)
FN:31,(anonymous_1)
FN:47,(anonymous_2)
FN:48,(anonymous_3)
FN:48,(anonymous_4)
FN:53,(anonymous_5)
FN:68,(anonymous_6)
FN:79,(anonymous_7)
FN:81,(anonymous_8)
FN:82,(anonymous_9)
FN:86,(anonymous_10)
FN:94,(anonymous_11)
FN:113,(anonymous_12)
FN:126,(anonymous_13)
FN:140,(anonymous_14)
FN:151,(anonymous_15)
FN:152,(anonymous_16)
FN:162,(anonymous_17)
FN:163,(anonymous_18)
FN:182,(anonymous_19)
FN:211,(anonymous_20)
FN:224,(anonymous_21)
FN:233,(anonymous_22)
FN:234,(anonymous_23)
FN:241,(anonymous_24)
FN:254,(anonymous_25)
FN:255,(anonymous_26)
FN:266,(anonymous_27)
FN:283,(anonymous_28)
FN:286,(anonymous_29)
FN:289,(anonymous_30)
FN:294,(anonymous_31)
FN:304,(anonymous_32)
FN:313,(anonymous_33)
FN:329,(anonymous_34)
FN:345,(anonymous_35)
FN:346,(anonymous_36)
FN:355,(anonymous_37)
FN:368,(anonymous_38)
FN:373,(anonymous_39)
FN:379,(anonymous_40)
FNF:41
FNH:37
FNDA:60,(anonymous_0)
FNDA:6,(anonymous_1)
FNDA:3,(anonymous_2)
FNDA:12,(anonymous_3)
FNDA:48,(anonymous_4)
FNDA:8,(anonymous_5)
FNDA:1,(anonymous_6)
FNDA:1,(anonymous_7)
FNDA:2,(anonymous_8)
FNDA:1,(anonymous_9)
FNDA:1,(anonymous_10)
FNDA:1,(anonymous_11)
FNDA:1,(anonymous_12)
FNDA:0,(anonymous_13)
FNDA:1,(anonymous_14)
FNDA:2,(anonymous_15)
FNDA:2,(anonymous_16)
FNDA:2,(anonymous_17)
FNDA:3,(anonymous_18)
FNDA:0,(anonymous_19)
FNDA:2,(anonymous_20)
FNDA:1,(anonymous_21)
FNDA:63,(anonymous_22)
FNDA:6237,(anonymous_23)
FNDA:23,(anonymous_24)
FNDA:1,(anonymous_25)
FNDA:2,(anonymous_26)
FNDA:1,(anonymous_27)
FNDA:3,(anonymous_28)
FNDA:2,(anonymous_29)
FNDA:1,(anonymous_30)
FNDA:1,(anonymous_31)
FNDA:2,(anonymous_32)
FNDA:1,(anonymous_33)
FNDA:2,(anonymous_34)
FNDA:1,(anonymous_35)
FNDA:1,(anonymous_36)
FNDA:0,(anonymous_37)
FNDA:2,(anonymous_38)
FNDA:1,(anonymous_39)
FNDA:0,(anonymous_40)
DA:14,60
DA:15,60
DA:16,60
DA:17,60
DA:18,60
DA:19,60
DA:20,60
DA:21,60
DA:22,60
DA:23,60
DA:24,60
DA:33,6
DA:34,3
DA:35,1
DA:36,1
DA:37,1
DA:39,6
DA:48,48
DA:49,3
DA:50,1
DA:52,2
DA:53,2
DA:54,8
DA:55,8
DA:56,8
DA:57,8
DA:60,2
DA:69,1
DA:70,1
DA:80,1
DA:81,2
DA:83,1
DA:84,1
DA:86,1
DA:95,1
DA:96,1
DA:114,1
DA:115,1
DA:117,0
DA:127,0
DA:128,0
DA:129,0
DA:130,0
DA:131,0
DA:132,0
DA:141,1
DA:142,1
DA:143,1
DA:152,2
DA:153,2
DA:154,2
DA:163,2
DA:164,3
DA:165,3
DA:166,3
DA:167,3
DA:170,2
DA:171,2
DA:172,2
DA:174,2
DA:175,2
DA:183,0
DA:184,0
DA:185,0
DA:186,0
DA:187,0
DA:188,0
DA:190,0
DA:191,0
DA:201,0
DA:202,0
DA:212,2
DA:213,1
DA:214,1
DA:215,1
DA:225,1
DA:226,1
DA:234,6237
DA:242,23
DA:243,23
DA:244,1
DA:246,23
DA:247,23
DA:248,23
DA:255,1
DA:256,2
DA:257,2
DA:258,2
DA:261,1
DA:262,1
DA:264,1
DA:265,1
DA:266,1
DA:267,1
DA:268,1
DA:269,1
DA:270,1
DA:271,1
DA:274,1
DA:284,3
DA:285,2
DA:286,2
DA:287,1
DA:289,1
DA:290,1
DA:294,1
DA:296,3
DA:305,2
DA:314,1
DA:315,2
DA:316,1
DA:317,1
DA:318,1
DA:330,2
DA:339,2
DA:344,2
DA:347,1
DA:356,0
DA:357,0
DA:358,0
DA:359,0
DA:369,2
DA:370,2
DA:374,1
DA:375,1
DA:376,1
DA:377,1
DA:378,1
DA:379,1
DA:380,0
DA:381,0
DA:382,0
DA:385,1
LF:133
LH:109
BRDA:33,0,0,3
BRDA:33,0,1,1
BRDA:33,0,2,1
BRDA:33,0,3,1
BRDA:49,1,0,1
BRDA:49,1,1,2
BRDA:49,2,0,3
BRDA:49,2,1,3
BRDA:56,3,0,8
BRDA:56,3,1,0
BRDA:56,4,0,8
BRDA:56,4,1,8
BRDA:56,4,2,8
BRDA:56,4,3,8
BRDA:69,5,0,1
BRDA:69,5,1,0
BRDA:84,6,0,1
BRDA:84,6,1,0
BRDA:95,7,0,1
BRDA:95,7,1,0
BRDA:114,8,0,1
BRDA:114,8,1,0
BRDA:142,9,0,1
BRDA:142,9,1,0
BRDA:142,10,0,1
BRDA:142,10,1,1
BRDA:154,11,0,2
BRDA:154,11,1,2
BRDA:165,12,0,3
BRDA:165,12,1,0
BRDA:171,13,0,2
BRDA:171,13,1,0
BRDA:182,14,0,0
BRDA:185,15,0,0
BRDA:185,15,1,0
BRDA:190,16,0,0
BRDA:190,16,1,0
BRDA:201,17,0,0
BRDA:201,17,1,0
BRDA:214,18,0,1
BRDA:214,18,1,0
BRDA:243,19,0,1
BRDA:243,19,1,22
BRDA:257,20,0,2
BRDA:257,20,1,0
BRDA:261,21,0,1
BRDA:261,21,1,0
BRDA:269,22,0,1
BRDA:269,22,1,0
BRDA:284,23,0,2
BRDA:284,23,1,1
BRDA:285,24,0,1
BRDA:285,24,1,1
BRDA:315,25,0,1
BRDA:315,25,1,1
BRDA:317,26,0,1
BRDA:317,26,1,0
BRDA:357,27,0,0
BRDA:357,27,1,0
BRDA:370,28,0,1
BRDA:370,28,1,1
BRDA:381,29,0,0
BRDA:381,29,1,0
BRF:63
BRH:39
end_of_record
TN:
SF:models/GameManager.js
FN:12,(anonymous_0)
FN:20,(anonymous_1)
FN:32,(anonymous_2)
FN:35,(anonymous_3)
FN:56,(anonymous_4)
FN:57,(anonymous_5)
FN:74,(anonymous_6)
FN:80,(anonymous_7)
FN:96,(anonymous_8)
FN:108,(anonymous_9)
FN:116,(anonymous_10)
FN:127,(anonymous_11)
FN:137,(anonymous_12)
FN:146,(anonymous_13)
FN:162,(anonymous_14)
FN:163,(anonymous_15)
FNF:16
FNH:13
FNDA:16,(anonymous_0)
FNDA:37,(anonymous_1)
FNDA:33,(anonymous_2)
FNDA:0,(anonymous_3)
FNDA:6,(anonymous_4)
FNDA:5,(anonymous_5)
FNDA:1,(anonymous_6)
FNDA:0,(anonymous_7)
FNDA:3,(anonymous_8)
FNDA:11,(anonymous_9)
FNDA:33,(anonymous_10)
FNDA:2,(anonymous_11)
FNDA:44,(anonymous_12)
FNDA:2,(anonymous_13)
FNDA:4,(anonymous_14)
FNDA:0,(anonymous_15)
DA:13,16
DA:14,16
DA:21,37
DA:22,17
DA:33,33
DA:34,24
DA:35,24
DA:36,0
DA:40,33
DA:41,33
DA:42,33
DA:43,33
DA:45,33
DA:47,33
DA:49,33
DA:57,6
DA:58,5
DA:59,5
DA:75,1
DA:76,1
DA:77,0
DA:80,1
DA:81,0
DA:82,0
DA:85,1
DA:97,3
DA:98,1
DA:100,2
DA:101,2
DA:109,11
DA:118,33
DA:119,33
DA:121,33
DA:128,2
DA:129,2
DA:138,44
DA:147,2
DA:148,2
DA:149,2
DA:150,2
DA:151,2
DA:152,2
DA:163,4
DA:164,0
DA:165,0
DA:166,0
DA:167,0
DA:168,0
DA:172,4
LF:49
LH:40
BRDA:33,0,0,24
BRDA:33,0,1,9
BRDA:35,1,0,0
BRDA:35,1,1,24
BRDA:62,2,0,2
BRDA:62,2,1,3
BRDA:76,3,0,0
BRDA:76,3,1,1
BRDA:82,4,0,0
BRDA:82,4,1,0
BRDA:97,5,0,1
BRDA:97,5,1,2
BRDA:148,6,0,2
BRDA:148,6,1,0
BRDA:150,7,0,2
BRDA:150,7,1,0
BRDA:164,8,0,0
BRDA:164,8,1,0
BRDA:166,9,0,0
BRDA:166,9,1,0
BRF:20
BRH:10
end_of_record
TN:
SF:models/Piece.js
FN:11,(anonymous_0)
FN:22,(anonymous_1)
FN:24,(anonymous_2)
FN:33,(anonymous_3)
FN:35,(anonymous_4)
FN:36,(anonymous_5)
FN:45,(anonymous_6)
FN:47,(anonymous_7)
FNF:8
FNH:8
FNDA:50,(anonymous_0)
FNDA:31,(anonymous_1)
FNDA:124,(anonymous_2)
FNDA:29,(anonymous_3)
FNDA:116,(anonymous_4)
FNDA:116,(anonymous_5)
FNDA:1,(anonymous_6)
FNDA:4,(anonymous_7)
DA:12,50
DA:13,50
DA:23,31
DA:24,124
DA:34,29
DA:35,116
DA:36,116
DA:46,1
DA:47,4
LF:9
LH:9
BRF:0
BRH:0
end_of_record
TN:
SF:models/Player.js
FN:14,(anonymous_0)
FN:26,(anonymous_1)
FN:34,(anonymous_2)
FN:35,(anonymous_3)
FN:55,(anonymous_4)
FN:63,(anonymous_5)
FN:71,(anonymous_6)
FN:79,(anonymous_7)
FN:87,(anonymous_8)
FN:96,(anonymous_9)
FN:136,(anonymous_10)
FN:145,(anonymous_11)
FN:158,(anonymous_12)
FN:169,(anonymous_13)
FN:185,(anonymous_14)
FN:200,(anonymous_15)
FNF:16
FNH:15
FNDA:18,(anonymous_0)
FNDA:1,(anonymous_1)
FNDA:1,(anonymous_2)
FNDA:20,(anonymous_3)
FNDA:1,(anonymous_4)
FNDA:1,(anonymous_5)
FNDA:2,(anonymous_6)
FNDA:1,(anonymous_7)
FNDA:28,(anonymous_8)
FNDA:88,(anonymous_9)
FNDA:2,(anonymous_10)
FNDA:4,(anonymous_11)
FNDA:1,(anonymous_12)
FNDA:4,(anonymous_13)
FNDA:0,(anonymous_14)
FNDA:1,(anonymous_15)
DA:15,18
DA:16,18
DA:17,18
DA:18,18
DA:19,18
DA:27,1
DA:35,20
DA:37,1
DA:38,10
DA:39,10
DA:40,200
DA:41,0
DA:43,200
DA:44,0
DA:48,1
DA:56,1
DA:64,1
DA:72,2
DA:80,1
DA:88,28
DA:90,28
DA:91,28
DA:93,28
DA:94,22
DA:95,22
DA:96,22
DA:97,88
DA:98,80
DA:100,22
DA:103,6
DA:104,6
DA:105,6
DA:106,4
DA:107,1
DA:109,3
DA:110,1
DA:111,1
DA:113,2
DA:114,1
DA:115,1
DA:117,1
DA:118,1
DA:119,1
DA:122,6
DA:123,6
DA:124,0
DA:125,0
DA:128,6
DA:137,2
DA:139,2
DA:140,2
DA:142,2
DA:143,1
DA:144,1
DA:145,1
DA:146,4
DA:147,0
DA:149,1
DA:151,1
DA:159,1
DA:161,1
DA:163,1
DA:164,1
DA:166,1
DA:167,1
DA:168,1
DA:169,1
DA:170,4
DA:171,1
DA:173,1
DA:176,0
DA:177,0
DA:178,0
DA:179,0
DA:181,0
DA:182,0
DA:183,0
DA:184,0
DA:185,0
DA:186,0
DA:187,0
DA:189,0
DA:193,0
DA:201,1
DA:203,1
DA:204,21
DA:206,1
LF:87
LH:69
BRDA:40,0,0,0
BRDA:40,0,1,200
BRDA:43,1,0,0
BRDA:43,1,1,200
BRDA:88,2,0,0
BRDA:88,2,1,28
BRDA:93,3,0,22
BRDA:93,3,1,6
BRDA:97,4,0,8
BRDA:97,4,1,80
BRDA:105,5,0,4
BRDA:105,5,1,2
BRDA:106,6,0,1
BRDA:106,6,1,3
BRDA:109,7,0,1
BRDA:109,7,1,2
BRDA:113,8,0,1
BRDA:113,8,1,1
BRDA:117,9,0,1
BRDA:117,9,1,0
BRDA:123,10,0,0
BRDA:123,10,1,6
BRDA:137,11,0,0
BRDA:137,11,1,2
BRDA:140,12,0,2
BRDA:140,12,1,0
BRDA:142,13,0,1
BRDA:142,13,1,1
BRDA:144,14,0,1
BRDA:144,14,1,0
BRDA:146,15,0,4
BRDA:146,15,1,0
BRDA:159,16,0,0
BRDA:159,16,1,1
BRDA:161,17,0,0
BRDA:161,17,1,1
BRDA:166,18,0,1
BRDA:166,18,1,0
BRDA:170,19,0,3
BRDA:170,19,1,1
BRDA:181,20,0,0
BRDA:181,20,1,0
BRDA:186,21,0,0
BRDA:186,21,1,0
BRDA:201,22,0,0
BRDA:201,22,1,1
BRF:46
BRH:29
end_of_record
TN:
SF:utils/messaging.js
FN:10,sendMessage
FNF:1
FNH:1
FNDA:27,sendMessage
DA:11,27
DA:12,27
DA:13,1
DA:15,26
LF:4
LH:4
BRDA:10,0,0,19
BRDA:12,1,0,1
BRDA:12,1,1,26
BRF:3
BRH:3
end_of_record
